Log file open, 10/20/21 23:19:26
LogWindows: Failed to load 'aqProf.dll' (GetLastError=126)
LogWindows: File 'aqProf.dll' does not exist
LogWindows: Failed to load 'VtuneApi.dll' (GetLastError=126)
LogWindows: File 'VtuneApi.dll' does not exist
LogWindows: Failed to load 'VtuneApi32e.dll' (GetLastError=126)
LogWindows: File 'VtuneApi32e.dll' does not exist
LogConsoleResponse: Display: Failed to find resolution value strings in scalability ini. Falling back to default.
LogInit: Display: Running engine for game: MyProject
LogPakFile: Registered encryption key '00000000000000000000000000000000': 0 pak files mounted, 0 remain pending
LogPlatformFile: Not using cached read wrapper
LogTaskGraph: Started task graph with 5 named threads and 35 total threads with 3 sets of task threads.
LogStats: Stats thread started at 0.544810
LogD3D11RHI: Loaded GFSDK_Aftermath_Lib.x64.dll
LogICUInternationalization: ICU TimeZone Detection - Raw Offset: +1:00, Platform Override: ''
LogPluginManager: Mounting plugin Paper2D
LogPluginManager: Mounting plugin AISupport
LogPluginManager: Mounting plugin LightPropagationVolume
LogPluginManager: Mounting plugin ActorLayerUtilities
LogPluginManager: Mounting plugin AnimationSharing
LogPluginManager: Mounting plugin CLionSourceCodeAccess
LogPluginManager: Mounting plugin CodeLiteSourceCodeAccess
LogPluginManager: Mounting plugin GitSourceControl
LogPluginManager: Mounting plugin KDevelopSourceCodeAccess
LogPluginManager: Mounting plugin NullSourceCodeAccess
LogPluginManager: Mounting plugin PerforceSourceControl
LogPluginManager: Mounting plugin SubversionSourceControl
LogPluginManager: Mounting plugin UObjectPlugin
LogPluginManager: Mounting plugin VisualStudioCodeSourceCodeAccess
LogPluginManager: Mounting plugin VisualStudioSourceCodeAccess
LogPluginManager: Mounting plugin XCodeSourceCodeAccess
LogPluginManager: Mounting plugin AssetManagerEditor
LogPluginManager: Mounting plugin CryptoKeys
LogPluginManager: Mounting plugin DataValidation
LogPluginManager: Mounting plugin FacialAnimation
LogPluginManager: Mounting plugin GameplayTagsEditor
LogPluginManager: Mounting plugin MacGraphicsSwitching
LogPluginManager: Mounting plugin MaterialAnalyzer
LogPluginManager: Mounting plugin MobileLauncherProfileWizard
LogPluginManager: Mounting plugin PluginBrowser
LogPluginManager: Mounting plugin SpeedTreeImporter
LogPluginManager: Mounting plugin DatasmithContent
LogPluginManager: Mounting plugin VariantManagerContent
LogPluginManager: Mounting plugin AlembicImporter
LogPluginManager: Mounting plugin AppleImageUtils
LogPluginManager: Mounting plugin AppleVision
LogPluginManager: Mounting plugin BackChannel
LogPluginManager: Mounting plugin CharacterAI
LogPluginManager: Mounting plugin GeometryCache
LogPluginManager: Mounting plugin HTML5Networking
LogPluginManager: Mounting plugin ProxyLODPlugin
LogPluginManager: Mounting plugin SkeletalReduction
LogPluginManager: Mounting plugin MagicLeap
LogPluginManager: Mounting plugin MagicLeapMedia
LogPluginManager: Mounting plugin AndroidMedia
LogPluginManager: Mounting plugin AvfMedia
LogPluginManager: Mounting plugin ImgMedia
LogPluginManager: Mounting plugin LinearTimecode
LogPluginManager: Mounting plugin MediaCompositing
LogPluginManager: Mounting plugin MediaPlayerEditor
LogPluginManager: Mounting plugin WebMMedia
LogPluginManager: Mounting plugin WmfMedia
LogPluginManager: Mounting plugin TcpMessaging
LogPluginManager: Mounting plugin UdpMessaging
LogPluginManager: Mounting plugin ActorSequence
LogPluginManager: Mounting plugin LevelSequenceEditor
LogPluginManager: Mounting plugin MatineeToLevelSequence
LogPluginManager: Mounting plugin NetcodeUnitTest
LogPluginManager: Mounting plugin NUTUnrealEngine4
LogPluginManager: Mounting plugin OnlineSubsystemGooglePlay
LogPluginManager: Mounting plugin OnlineSubsystemIOS
LogPluginManager: Mounting plugin OnlineSubsystem
LogPluginManager: Mounting plugin OnlineSubsystemNull
LogPluginManager: Mounting plugin OnlineSubsystemUtils
LogPluginManager: Mounting plugin LauncherChunkInstaller
LogPluginManager: Mounting plugin AndroidDeviceProfileSelector
LogPluginManager: Mounting plugin AndroidMoviePlayer
LogPluginManager: Mounting plugin AndroidPermission
LogPluginManager: Mounting plugin AppleMoviePlayer
LogPluginManager: Mounting plugin ArchVisCharacter
LogPluginManager: Mounting plugin AudioCapture
LogPluginManager: Mounting plugin CableComponent
LogPluginManager: Mounting plugin CustomMeshComponent
LogPluginManager: Mounting plugin EditableMesh
LogPluginManager: Mounting plugin ExampleDeviceProfileSelector
LogPluginManager: Mounting plugin Firebase
LogPluginManager: Mounting plugin GoogleCloudMessaging
LogPluginManager: Mounting plugin IOSDeviceProfileSelector
LogPluginManager: Mounting plugin LinuxDeviceProfileSelector
LogPluginManager: Mounting plugin LocationServicesBPLibrary
LogPluginManager: Mounting plugin MobilePatchingUtils
LogPluginManager: Mounting plugin OculusVR
LogPluginManager: Mounting plugin PhysXVehicles
LogPluginManager: Mounting plugin ProceduralMeshComponent
LogPluginManager: Mounting plugin RuntimePhysXCooking
LogPluginManager: Mounting plugin SignificanceManager
LogPluginManager: Mounting plugin SteamVR
LogPluginManager: Mounting plugin WebMMoviePlayer
LogPluginManager: Mounting plugin WindowsMoviePlayer
LogInit: Using libcurl 7.55.1-DEV
LogInit:  - built for x86_64-pc-win32
LogInit:  - supports SSL with OpenSSL/1.1.1
LogInit:  - supports HTTP deflate (compression) using libz 1.2.8
LogInit:  - other features:
LogInit:      CURL_VERSION_SSL
LogInit:      CURL_VERSION_LIBZ
LogInit:      CURL_VERSION_IPV6
LogInit:      CURL_VERSION_ASYNCHDNS
LogInit:      CURL_VERSION_LARGEFILE
LogInit:      CURL_VERSION_IDN
LogInit:  CurlRequestOptions (configurable via config and command line):
LogInit:  - bVerifyPeer = true  - Libcurl will verify peer certificate
LogInit:  - bUseHttpProxy = false  - Libcurl will NOT use HTTP proxy
LogInit:  - bDontReuseConnections = false  - Libcurl will reuse connections
LogInit:  - MaxHostConnections = 16  - Libcurl will limit the number of connections to a host
LogInit:  - LocalHostAddr = Default
LogInit:  - BufferSize = 65536
LogInit: WinSock: version 1.1 (2.2), MaxSocks=32767, MaxUdp=65467
LogInit: Build: ++UE4+Release-4.22-CL-6574378
LogInit: Engine Version: 4.22.2-6574378+++UE4+Release-4.22
LogInit: Compatible Engine Version: 4.22.0-5660361+++UE4+Release-4.22
LogInit: Net CL: 5660361
LogInit: OS: Windows 10 (Release 2009) (), CPU: Intel(R) Core(TM) i7-8750H CPU @ 2.20GHz, GPU: Intel(R) UHD Graphics 630
LogInit: Compiled (64-bit): May 20 2019 09:54:56
LogInit: Compiled with Visual C++: 19.16.27025.01
LogInit: Build Configuration: Development
LogInit: Branch Name: ++UE4+Release-4.22
LogInit: Command Line: 
LogInit: Base Directory: D:/UE/UE_4.22/Engine/Binaries/Win64/
LogInit: Installed Engine Build: 1
LogDevObjectVersion: Number of dev versions registered: 23
LogDevObjectVersion:   Dev-Blueprints (B0D832E4-1F89-4F0D-ACCF-7EB736FD4AA2): 10
LogDevObjectVersion:   Dev-Build (E1C64328-A22C-4D53-A36C-8E866417BD8C): 0
LogDevObjectVersion:   Dev-Core (375EC13C-06E4-48FB-B500-84F0262A717E): 3
LogDevObjectVersion:   Dev-Editor (E4B068ED-F494-42E9-A231-DA0B2E46BB41): 30
LogDevObjectVersion:   Dev-Framework (CFFC743F-43B0-4480-9391-14DF171D2073): 35
LogDevObjectVersion:   Dev-Mobile (B02B49B5-BB20-44E9-A304-32B752E40360): 2
LogDevObjectVersion:   Dev-Networking (A4E4105C-59A1-49B5-A7C5-40C4547EDFEE): 0
LogDevObjectVersion:   Dev-Online (39C831C9-5AE6-47DC-9A44-9C173E1C8E7C): 0
LogDevObjectVersion:   Dev-Physics (78F01B33-EBEA-4F98-B9B4-84EACCB95AA2): 0
LogDevObjectVersion:   Dev-Platform (6631380F-2D4D-43E0-8009-CF276956A95A): 0
LogDevObjectVersion:   Dev-Rendering (12F88B9F-8875-4AFC-A67C-D90C383ABD29): 28
LogDevObjectVersion:   Dev-Sequencer (7B5AE74C-D270-4C10-A958-57980B212A5A): 11
LogDevObjectVersion:   Dev-VR (D7296918-1DD6-4BDD-9DE2-64A83CC13884): 2
LogDevObjectVersion:   Dev-LoadTimes (C2A15278-BFE7-4AFE-6C17-90FF531DF755): 1
LogDevObjectVersion:   Private-Geometry (6EACA3D4-40EC-4CC1-B786-8BED09428FC5): 3
LogDevObjectVersion:   Dev-AnimPhys (29E575DD-E0A3-4627-9D10-D276232CDCEA): 17
LogDevObjectVersion:   Dev-Anim (AF43A65D-7FD3-4947-9873-3E8ED9C1BB05): 2
LogDevObjectVersion:   Dev-ReflectionCapture (6B266CEC-1EC7-4B8F-A30B-E4D90942FC07): 1
LogDevObjectVersion:   Dev-Automation (0DF73D61-A23F-47EA-B727-89E90C41499A): 1
LogDevObjectVersion:   FortniteMain (601D1886-AC64-4F84-AA16-D3DE0DEAC7D6): 25
LogDevObjectVersion:   Dev-Enterprise (9DFFBCD6-494F-0158-E221-12823C92A888): 6
LogDevObjectVersion:   Dev-Niagara (F2AED0AC-9AFE-416F-8664-AA7FFA26D6FC): 1
LogDevObjectVersion:   Dev-Destruction (174F1F0B-B4C6-45A5-B13F-2EE8D0FB917D): 2
LogInit: Presizing for max 16777216 objects, including 0 objects not considered by GC, pre-allocating 0 bytes for permanent pool.
LogInit: Object subsystem initialized
LogConfig: Setting CVar [[con.DebugEarlyDefault:1]]
LogConfig: Setting CVar [[r.setres:1280x720]]
[2021.10.20-21.19.26:758][  0]LogConfig: Setting CVar [[r.VSync:0]]
[2021.10.20-21.19.26:758][  0]LogConfig: Setting CVar [[r.RHICmdBypass:0]]
[2021.10.20-21.19.26:758][  0]LogConfig: Applying CVar settings from Section [/Script/Engine.RendererSettings] File [C:/Users/Artem/Documents/Unreal Projects/MyProject/Saved/Config/Windows/Engine.ini]
[2021.10.20-21.19.26:758][  0]LogConfig: Setting CVar [[r.GPUCrashDebugging:0]]
[2021.10.20-21.19.26:758][  0]LogConfig: Applying CVar settings from Section [/Script/Engine.RendererOverrideSettings] File [C:/Users/Artem/Documents/Unreal Projects/MyProject/Saved/Config/Windows/Engine.ini]
[2021.10.20-21.19.26:758][  0]LogConfig: Applying CVar settings from Section [/Script/Engine.StreamingSettings] File [C:/Users/Artem/Documents/Unreal Projects/MyProject/Saved/Config/Windows/Engine.ini]
[2021.10.20-21.19.26:758][  0]LogConfig: Setting CVar [[s.MinBulkDataSizeForAsyncLoading:131072]]
[2021.10.20-21.19.26:758][  0]LogConfig: Setting CVar [[s.AsyncLoadingThreadEnabled:0]]
[2021.10.20-21.19.26:758][  0]LogConfig: Setting CVar [[s.EventDrivenLoaderEnabled:1]]
[2021.10.20-21.19.26:759][  0]LogConfig: Setting CVar [[s.WarnIfTimeLimitExceeded:0]]
[2021.10.20-21.19.26:759][  0]LogConfig: Setting CVar [[s.TimeLimitExceededMultiplier:1.5]]
[2021.10.20-21.19.26:759][  0]LogConfig: Setting CVar [[s.TimeLimitExceededMinTime:0.005]]
[2021.10.20-21.19.26:759][  0]LogConfig: Setting CVar [[s.UseBackgroundLevelStreaming:1]]
[2021.10.20-21.19.26:759][  0]LogConfig: Setting CVar [[s.PriorityAsyncLoadingExtraTime:15.0]]
[2021.10.20-21.19.26:759][  0]LogConfig: Setting CVar [[s.LevelStreamingActorsUpdateTimeLimit:5.0]]
[2021.10.20-21.19.26:759][  0]LogConfig: Setting CVar [[s.PriorityLevelStreamingActorsUpdateExtraTime:5.0]]
[2021.10.20-21.19.26:759][  0]LogConfig: Setting CVar [[s.LevelStreamingComponentsRegistrationGranularity:10]]
[2021.10.20-21.19.26:759][  0]LogConfig: Setting CVar [[s.UnregisterComponentsTimeLimit:1.0]]
[2021.10.20-21.19.26:759][  0]LogConfig: Setting CVar [[s.LevelStreamingComponentsUnregistrationGranularity:5]]
[2021.10.20-21.19.26:759][  0]LogConfig: Applying CVar settings from Section [/Script/Engine.GarbageCollectionSettings] File [C:/Users/Artem/Documents/Unreal Projects/MyProject/Saved/Config/Windows/Engine.ini]
[2021.10.20-21.19.26:759][  0]LogConfig: Setting CVar [[gc.MaxObjectsNotConsideredByGC:1]]
[2021.10.20-21.19.26:759][  0]LogConfig: Setting CVar [[gc.SizeOfPermanentObjectPool:0]]
[2021.10.20-21.19.26:759][  0]LogConfig: Setting CVar [[gc.FlushStreamingOnGC:0]]
[2021.10.20-21.19.26:759][  0]LogConfig: Setting CVar [[gc.NumRetriesBeforeForcingGC:10]]
[2021.10.20-21.19.26:759][  0]LogConfig: Setting CVar [[gc.AllowParallelGC:1]]
[2021.10.20-21.19.26:759][  0]LogConfig: Setting CVar [[gc.TimeBetweenPurgingPendingKillObjects:61.1]]
[2021.10.20-21.19.26:759][  0]LogConfig: Setting CVar [[gc.MaxObjectsInEditor:16777216]]
[2021.10.20-21.19.26:759][  0]LogConfig: Setting CVar [[gc.IncrementalBeginDestroyEnabled:1]]
[2021.10.20-21.19.26:759][  0]LogConfig: Setting CVar [[gc.CreateGCClusters:1]]
[2021.10.20-21.19.26:759][  0]LogConfig: Setting CVar [[gc.MinGCClusterSize:5]]
[2021.10.20-21.19.26:759][  0]LogConfig: Setting CVar [[gc.ActorClusteringEnabled:0]]
[2021.10.20-21.19.26:759][  0]LogConfig: Setting CVar [[gc.BlueprintClusteringEnabled:0]]
[2021.10.20-21.19.26:759][  0]LogConfig: Setting CVar [[gc.UseDisregardForGCOnDedicatedServers:0]]
[2021.10.20-21.19.26:759][  0]LogConfig: Applying CVar settings from Section [/Script/Engine.NetworkSettings] File [C:/Users/Artem/Documents/Unreal Projects/MyProject/Saved/Config/Windows/Engine.ini]
[2021.10.20-21.19.26:759][  0]LogConfig: Applying CVar settings from Section [/Script/UnrealEd.CookerSettings] File [C:/Users/Artem/Documents/Unreal Projects/MyProject/Saved/Config/Windows/Engine.ini]
[2021.10.20-21.19.26:760][  0]LogConfig: Applying CVar settings from Section [ViewDistanceQuality@3] File [C:/Users/Artem/Documents/Unreal Projects/MyProject/Saved/Config/Windows/Scalability.ini]
[2021.10.20-21.19.26:760][  0]LogConfig: Setting CVar [[r.SkeletalMeshLODBias:0]]
[2021.10.20-21.19.26:760][  0]LogConfig: Setting CVar [[r.ViewDistanceScale:1.0]]
[2021.10.20-21.19.26:760][  0]LogConfig: Applying CVar settings from Section [AntiAliasingQuality@3] File [C:/Users/Artem/Documents/Unreal Projects/MyProject/Saved/Config/Windows/Scalability.ini]
[2021.10.20-21.19.26:760][  0]LogConfig: Setting CVar [[r.PostProcessAAQuality:4]]
[2021.10.20-21.19.26:760][  0]LogConfig: Applying CVar settings from Section [ShadowQuality@3] File [C:/Users/Artem/Documents/Unreal Projects/MyProject/Saved/Config/Windows/Scalability.ini]
[2021.10.20-21.19.26:760][  0]LogConfig: Setting CVar [[r.LightFunctionQuality:1]]
[2021.10.20-21.19.26:760][  0]LogConfig: Setting CVar [[r.ShadowQuality:5]]
[2021.10.20-21.19.26:760][  0]LogConfig: Setting CVar [[r.Shadow.CSM.MaxCascades:10]]
[2021.10.20-21.19.26:760][  0]LogConfig: Setting CVar [[r.Shadow.MaxResolution:2048]]
[2021.10.20-21.19.26:760][  0]LogConfig: Setting CVar [[r.Shadow.MaxCSMResolution:2048]]
[2021.10.20-21.19.26:760][  0]LogConfig: Setting CVar [[r.Shadow.RadiusThreshold:0.01]]
[2021.10.20-21.19.26:760][  0]LogConfig: Setting CVar [[r.Shadow.DistanceScale:1.0]]
[2021.10.20-21.19.26:760][  0]LogConfig: Setting CVar [[r.Shadow.CSM.TransitionScale:1.0]]
[2021.10.20-21.19.26:760][  0]LogConfig: Setting CVar [[r.Shadow.PreShadowResolutionFactor:1.0]]
[2021.10.20-21.19.26:760][  0]LogConfig: Setting CVar [[r.DistanceFieldShadowing:1]]
[2021.10.20-21.19.26:760][  0]LogConfig: Setting CVar [[r.DistanceFieldAO:1]]
[2021.10.20-21.19.26:760][  0]LogConfig: Setting CVar [[r.AOQuality:2]]
[2021.10.20-21.19.26:760][  0]LogConfig: Setting CVar [[r.VolumetricFog:1]]
[2021.10.20-21.19.26:760][  0]LogConfig: Setting CVar [[r.VolumetricFog.GridPixelSize:8]]
[2021.10.20-21.19.26:760][  0]LogConfig: Setting CVar [[r.VolumetricFog.GridSizeZ:128]]
[2021.10.20-21.19.26:760][  0]LogConfig: Setting CVar [[r.VolumetricFog.HistoryMissSupersampleCount:4]]
[2021.10.20-21.19.26:760][  0]LogConfig: Setting CVar [[r.LightMaxDrawDistanceScale:1]]
[2021.10.20-21.19.26:760][  0]LogConfig: Setting CVar [[r.CapsuleShadows:1]]
[2021.10.20-21.19.26:760][  0]LogConfig: Applying CVar settings from Section [PostProcessQuality@3] File [C:/Users/Artem/Documents/Unreal Projects/MyProject/Saved/Config/Windows/Scalability.ini]
[2021.10.20-21.19.26:760][  0]LogConfig: Setting CVar [[r.MotionBlurQuality:4]]
[2021.10.20-21.19.26:760][  0]LogConfig: Setting CVar [[r.AmbientOcclusionMipLevelFactor:0.4]]
[2021.10.20-21.19.26:760][  0]LogConfig: Setting CVar [[r.AmbientOcclusionMaxQuality:100]]
[2021.10.20-21.19.26:760][  0]LogConfig: Setting CVar [[r.AmbientOcclusionLevels:-1]]
[2021.10.20-21.19.26:760][  0]LogConfig: Setting CVar [[r.AmbientOcclusionRadiusScale:1.0]]
[2021.10.20-21.19.26:760][  0]LogConfig: Setting CVar [[r.DepthOfFieldQuality:2]]
[2021.10.20-21.19.26:760][  0]LogConfig: Setting CVar [[r.RenderTargetPoolMin:400]]
[2021.10.20-21.19.26:760][  0]LogConfig: Setting CVar [[r.LensFlareQuality:2]]
[2021.10.20-21.19.26:760][  0]LogConfig: Setting CVar [[r.SceneColorFringeQuality:1]]
[2021.10.20-21.19.26:761][  0]LogConfig: Setting CVar [[r.EyeAdaptationQuality:2]]
[2021.10.20-21.19.26:761][  0]LogConfig: Setting CVar [[r.BloomQuality:5]]
[2021.10.20-21.19.26:761][  0]LogConfig: Setting CVar [[r.FastBlurThreshold:100]]
[2021.10.20-21.19.26:761][  0]LogConfig: Setting CVar [[r.Upscale.Quality:3]]
[2021.10.20-21.19.26:761][  0]LogConfig: Setting CVar [[r.Tonemapper.GrainQuantization:1]]
[2021.10.20-21.19.26:761][  0]LogConfig: Setting CVar [[r.LightShaftQuality:1]]
[2021.10.20-21.19.26:761][  0]LogConfig: Setting CVar [[r.Filter.SizeScale:1]]
[2021.10.20-21.19.26:761][  0]LogConfig: Setting CVar [[r.Tonemapper.Quality:5]]
[2021.10.20-21.19.26:761][  0]LogConfig: Setting CVar [[r.DOF.Gather.AccumulatorQuality:1        ; higher gathering accumulator quality]]
[2021.10.20-21.19.26:761][  0]LogConfig: Setting CVar [[r.DOF.Gather.PostfilterMethod:1          ; Median3x3 postfilering method]]
[2021.10.20-21.19.26:761][  0]LogConfig: Setting CVar [[r.DOF.Gather.EnableBokehSettings:0       ; no bokeh simulation when gathering]]
[2021.10.20-21.19.26:761][  0]LogConfig: Setting CVar [[r.DOF.Gather.RingCount:4                 ; medium number of samples when gathering]]
[2021.10.20-21.19.26:761][  0]LogConfig: Setting CVar [[r.DOF.Scatter.ForegroundCompositing:1    ; additive foreground scattering]]
[2021.10.20-21.19.26:761][  0]LogConfig: Setting CVar [[r.DOF.Scatter.BackgroundCompositing:2    ; additive background scattering]]
[2021.10.20-21.19.26:761][  0]LogConfig: Setting CVar [[r.DOF.Scatter.EnableBokehSettings:1      ; bokeh simulation when scattering]]
[2021.10.20-21.19.26:761][  0]LogConfig: Setting CVar [[r.DOF.Scatter.MaxSpriteRatio:0.1         ; only a maximum of 10% of scattered bokeh]]
[2021.10.20-21.19.26:761][  0]LogConfig: Setting CVar [[r.DOF.Recombine.Quality:1                ; cheap slight out of focus]]
[2021.10.20-21.19.26:761][  0]LogConfig: Setting CVar [[r.DOF.Recombine.EnableBokehSettings:0    ; no bokeh simulation on slight out of focus]]
[2021.10.20-21.19.26:761][  0]LogConfig: Setting CVar [[r.DOF.TemporalAAQuality:1                ; more stable temporal accumulation]]
[2021.10.20-21.19.26:761][  0]LogConfig: Setting CVar [[r.DOF.Kernel.MaxForegroundRadius:0.025]]
[2021.10.20-21.19.26:761][  0]LogConfig: Setting CVar [[r.DOF.Kernel.MaxBackgroundRadius:0.025]]
[2021.10.20-21.19.26:761][  0]LogConfig: Applying CVar settings from Section [TextureQuality@3] File [C:/Users/Artem/Documents/Unreal Projects/MyProject/Saved/Config/Windows/Scalability.ini]
[2021.10.20-21.19.26:761][  0]LogConfig: Setting CVar [[r.Streaming.MipBias:0]]
[2021.10.20-21.19.26:761][  0]LogConfig: Setting CVar [[r.Streaming.AmortizeCPUToGPUCopy:0]]
[2021.10.20-21.19.26:761][  0]LogConfig: Setting CVar [[r.Streaming.MaxNumTexturesToStreamPerFrame:0]]
[2021.10.20-21.19.26:761][  0]LogConfig: Setting CVar [[r.Streaming.Boost:1]]
[2021.10.20-21.19.26:761][  0]LogConfig: Setting CVar [[r.MaxAnisotropy:8]]
[2021.10.20-21.19.26:761][  0]LogConfig: Setting CVar [[r.Streaming.LimitPoolSizeToVRAM:0]]
[2021.10.20-21.19.26:761][  0]LogConfig: Setting CVar [[r.Streaming.PoolSize:1000]]
[2021.10.20-21.19.26:761][  0]LogConfig: Setting CVar [[r.Streaming.MaxEffectiveScreenSize:0]]
[2021.10.20-21.19.26:761][  0]LogConfig: Applying CVar settings from Section [EffectsQuality@3] File [C:/Users/Artem/Documents/Unreal Projects/MyProject/Saved/Config/Windows/Scalability.ini]
[2021.10.20-21.19.26:761][  0]LogConfig: Setting CVar [[r.TranslucencyLightingVolumeDim:64]]
[2021.10.20-21.19.26:761][  0]LogConfig: Setting CVar [[r.RefractionQuality:2]]
[2021.10.20-21.19.26:761][  0]LogConfig: Setting CVar [[r.SSR.Quality:3]]
[2021.10.20-21.19.26:761][  0]LogConfig: Setting CVar [[r.SceneColorFormat:4]]
[2021.10.20-21.19.26:761][  0]LogConfig: Setting CVar [[r.DetailMode:2]]
[2021.10.20-21.19.26:761][  0]LogConfig: Setting CVar [[r.TranslucencyVolumeBlur:1]]
[2021.10.20-21.19.26:761][  0]LogConfig: Setting CVar [[r.MaterialQualityLevel:1 ; High quality]]
[2021.10.20-21.19.26:761][  0]LogConfig: Setting CVar [[r.SSS.Scale:1]]
[2021.10.20-21.19.26:761][  0]LogConfig: Setting CVar [[r.SSS.SampleSet:2]]
[2021.10.20-21.19.26:761][  0]LogConfig: Setting CVar [[r.SSS.Quality:1]]
[2021.10.20-21.19.26:761][  0]LogConfig: Setting CVar [[r.SSS.HalfRes:1]]
[2021.10.20-21.19.26:761][  0]LogConfig: Setting CVar [[r.EmitterSpawnRateScale:1.0]]
[2021.10.20-21.19.26:761][  0]LogConfig: Setting CVar [[r.ParticleLightQuality:2]]
[2021.10.20-21.19.26:761][  0]LogConfig: Applying CVar settings from Section [FoliageQuality@3] File [C:/Users/Artem/Documents/Unreal Projects/MyProject/Saved/Config/Windows/Scalability.ini]
[2021.10.20-21.19.26:761][  0]LogConfig: Setting CVar [[foliage.DensityScale:1.0]]
[2021.10.20-21.19.26:761][  0]LogConfig: Setting CVar [[grass.DensityScale:1.0]]
[2021.10.20-21.19.26:761][  0]LogInit: Selected Device Profile: [Windows]
[2021.10.20-21.19.26:761][  0]LogInit: Applying CVar settings loaded from the selected device profile: [Windows]
[2021.10.20-21.19.26:775][  0]LogHAL: Display: Platform has ~ 32 GB [34197995520 / 34359738368 / 32], which maps to Largest [LargestMinGB=32, LargerMinGB=12, DefaultMinGB=8, SmallerMinGB=6, SmallestMinGB=0)
[2021.10.20-21.19.26:775][  0]LogConfig: Setting CVar [[r.Vulkan.UseRealUBs:0		; Required until we fix HLR fall-out]]
[2021.10.20-21.19.26:775][  0]LogInit: Going up to parent DeviceProfile []
[2021.10.20-21.19.26:775][  0]LogConfig: Applying CVar settings from Section [ViewDistanceQuality@3] File [C:/Users/Artem/Documents/Unreal Projects/MyProject/Saved/Config/Windows/Scalability.ini]
[2021.10.20-21.19.26:775][  0]LogConfig: Setting CVar [[r.SkeletalMeshLODBias:0]]
[2021.10.20-21.19.26:775][  0]LogConfig: Setting CVar [[r.ViewDistanceScale:1.0]]
[2021.10.20-21.19.26:775][  0]LogConfig: Applying CVar settings from Section [AntiAliasingQuality@3] File [C:/Users/Artem/Documents/Unreal Projects/MyProject/Saved/Config/Windows/Scalability.ini]
[2021.10.20-21.19.26:775][  0]LogConfig: Setting CVar [[r.PostProcessAAQuality:4]]
[2021.10.20-21.19.26:775][  0]LogConfig: Applying CVar settings from Section [ShadowQuality@3] File [C:/Users/Artem/Documents/Unreal Projects/MyProject/Saved/Config/Windows/Scalability.ini]
[2021.10.20-21.19.26:775][  0]LogConfig: Setting CVar [[r.LightFunctionQuality:1]]
[2021.10.20-21.19.26:775][  0]LogConfig: Setting CVar [[r.ShadowQuality:5]]
[2021.10.20-21.19.26:775][  0]LogConfig: Setting CVar [[r.Shadow.CSM.MaxCascades:10]]
[2021.10.20-21.19.26:775][  0]LogConfig: Setting CVar [[r.Shadow.MaxResolution:2048]]
[2021.10.20-21.19.26:775][  0]LogConfig: Setting CVar [[r.Shadow.MaxCSMResolution:2048]]
[2021.10.20-21.19.26:775][  0]LogConfig: Setting CVar [[r.Shadow.RadiusThreshold:0.01]]
[2021.10.20-21.19.26:775][  0]LogConfig: Setting CVar [[r.Shadow.DistanceScale:1.0]]
[2021.10.20-21.19.26:775][  0]LogConfig: Setting CVar [[r.Shadow.CSM.TransitionScale:1.0]]
[2021.10.20-21.19.26:775][  0]LogConfig: Setting CVar [[r.Shadow.PreShadowResolutionFactor:1.0]]
[2021.10.20-21.19.26:775][  0]LogConfig: Setting CVar [[r.DistanceFieldShadowing:1]]
[2021.10.20-21.19.26:775][  0]LogConfig: Setting CVar [[r.DistanceFieldAO:1]]
[2021.10.20-21.19.26:775][  0]LogConfig: Setting CVar [[r.AOQuality:2]]
[2021.10.20-21.19.26:775][  0]LogConfig: Setting CVar [[r.VolumetricFog:1]]
[2021.10.20-21.19.26:775][  0]LogConfig: Setting CVar [[r.VolumetricFog.GridPixelSize:8]]
[2021.10.20-21.19.26:775][  0]LogConfig: Setting CVar [[r.VolumetricFog.GridSizeZ:128]]
[2021.10.20-21.19.26:775][  0]LogConfig: Setting CVar [[r.VolumetricFog.HistoryMissSupersampleCount:4]]
[2021.10.20-21.19.26:775][  0]LogConfig: Setting CVar [[r.LightMaxDrawDistanceScale:1]]
[2021.10.20-21.19.26:775][  0]LogConfig: Setting CVar [[r.CapsuleShadows:1]]
[2021.10.20-21.19.26:775][  0]LogConfig: Applying CVar settings from Section [PostProcessQuality@3] File [C:/Users/Artem/Documents/Unreal Projects/MyProject/Saved/Config/Windows/Scalability.ini]
[2021.10.20-21.19.26:775][  0]LogConfig: Setting CVar [[r.MotionBlurQuality:4]]
[2021.10.20-21.19.26:775][  0]LogConfig: Setting CVar [[r.AmbientOcclusionMipLevelFactor:0.4]]
[2021.10.20-21.19.26:775][  0]LogConfig: Setting CVar [[r.AmbientOcclusionMaxQuality:100]]
[2021.10.20-21.19.26:775][  0]LogConfig: Setting CVar [[r.AmbientOcclusionLevels:-1]]
[2021.10.20-21.19.26:775][  0]LogConfig: Setting CVar [[r.AmbientOcclusionRadiusScale:1.0]]
[2021.10.20-21.19.26:776][  0]LogConfig: Setting CVar [[r.DepthOfFieldQuality:2]]
[2021.10.20-21.19.26:776][  0]LogConfig: Setting CVar [[r.RenderTargetPoolMin:400]]
[2021.10.20-21.19.26:776][  0]LogConfig: Setting CVar [[r.LensFlareQuality:2]]
[2021.10.20-21.19.26:776][  0]LogConfig: Setting CVar [[r.SceneColorFringeQuality:1]]
[2021.10.20-21.19.26:776][  0]LogConfig: Setting CVar [[r.EyeAdaptationQuality:2]]
[2021.10.20-21.19.26:776][  0]LogConfig: Setting CVar [[r.BloomQuality:5]]
[2021.10.20-21.19.26:776][  0]LogConfig: Setting CVar [[r.FastBlurThreshold:100]]
[2021.10.20-21.19.26:776][  0]LogConfig: Setting CVar [[r.Upscale.Quality:3]]
[2021.10.20-21.19.26:776][  0]LogConfig: Setting CVar [[r.Tonemapper.GrainQuantization:1]]
[2021.10.20-21.19.26:776][  0]LogConfig: Setting CVar [[r.LightShaftQuality:1]]
[2021.10.20-21.19.26:776][  0]LogConfig: Setting CVar [[r.Filter.SizeScale:1]]
[2021.10.20-21.19.26:776][  0]LogConfig: Setting CVar [[r.Tonemapper.Quality:5]]
[2021.10.20-21.19.26:776][  0]LogConfig: Setting CVar [[r.DOF.Gather.AccumulatorQuality:1        ; higher gathering accumulator quality]]
[2021.10.20-21.19.26:776][  0]LogConfig: Setting CVar [[r.DOF.Gather.PostfilterMethod:1          ; Median3x3 postfilering method]]
[2021.10.20-21.19.26:776][  0]LogConfig: Setting CVar [[r.DOF.Gather.EnableBokehSettings:0       ; no bokeh simulation when gathering]]
[2021.10.20-21.19.26:776][  0]LogConfig: Setting CVar [[r.DOF.Gather.RingCount:4                 ; medium number of samples when gathering]]
[2021.10.20-21.19.26:776][  0]LogConfig: Setting CVar [[r.DOF.Scatter.ForegroundCompositing:1    ; additive foreground scattering]]
[2021.10.20-21.19.26:776][  0]LogConfig: Setting CVar [[r.DOF.Scatter.BackgroundCompositing:2    ; additive background scattering]]
[2021.10.20-21.19.26:776][  0]LogConfig: Setting CVar [[r.DOF.Scatter.EnableBokehSettings:1      ; bokeh simulation when scattering]]
[2021.10.20-21.19.26:776][  0]LogConfig: Setting CVar [[r.DOF.Scatter.MaxSpriteRatio:0.1         ; only a maximum of 10% of scattered bokeh]]
[2021.10.20-21.19.26:776][  0]LogConfig: Setting CVar [[r.DOF.Recombine.Quality:1                ; cheap slight out of focus]]
[2021.10.20-21.19.26:776][  0]LogConfig: Setting CVar [[r.DOF.Recombine.EnableBokehSettings:0    ; no bokeh simulation on slight out of focus]]
[2021.10.20-21.19.26:776][  0]LogConfig: Setting CVar [[r.DOF.TemporalAAQuality:1                ; more stable temporal accumulation]]
[2021.10.20-21.19.26:776][  0]LogConfig: Setting CVar [[r.DOF.Kernel.MaxForegroundRadius:0.025]]
[2021.10.20-21.19.26:776][  0]LogConfig: Setting CVar [[r.DOF.Kernel.MaxBackgroundRadius:0.025]]
[2021.10.20-21.19.26:776][  0]LogConfig: Applying CVar settings from Section [TextureQuality@3] File [C:/Users/Artem/Documents/Unreal Projects/MyProject/Saved/Config/Windows/Scalability.ini]
[2021.10.20-21.19.26:776][  0]LogConfig: Setting CVar [[r.Streaming.MipBias:0]]
[2021.10.20-21.19.26:776][  0]LogConfig: Setting CVar [[r.Streaming.AmortizeCPUToGPUCopy:0]]
[2021.10.20-21.19.26:776][  0]LogConfig: Setting CVar [[r.Streaming.MaxNumTexturesToStreamPerFrame:0]]
[2021.10.20-21.19.26:776][  0]LogConfig: Setting CVar [[r.Streaming.Boost:1]]
[2021.10.20-21.19.26:776][  0]LogConfig: Setting CVar [[r.MaxAnisotropy:8]]
[2021.10.20-21.19.26:776][  0]LogConfig: Setting CVar [[r.Streaming.LimitPoolSizeToVRAM:0]]
[2021.10.20-21.19.26:776][  0]LogConfig: Setting CVar [[r.Streaming.PoolSize:1000]]
[2021.10.20-21.19.26:776][  0]LogConfig: Setting CVar [[r.Streaming.MaxEffectiveScreenSize:0]]
[2021.10.20-21.19.26:776][  0]LogConfig: Applying CVar settings from Section [EffectsQuality@3] File [C:/Users/Artem/Documents/Unreal Projects/MyProject/Saved/Config/Windows/Scalability.ini]
[2021.10.20-21.19.26:776][  0]LogConfig: Setting CVar [[r.TranslucencyLightingVolumeDim:64]]
[2021.10.20-21.19.26:776][  0]LogConfig: Setting CVar [[r.RefractionQuality:2]]
[2021.10.20-21.19.26:776][  0]LogConfig: Setting CVar [[r.SSR.Quality:3]]
[2021.10.20-21.19.26:776][  0]LogConfig: Setting CVar [[r.SceneColorFormat:4]]
[2021.10.20-21.19.26:776][  0]LogConfig: Setting CVar [[r.DetailMode:2]]
[2021.10.20-21.19.26:776][  0]LogConfig: Setting CVar [[r.TranslucencyVolumeBlur:1]]
[2021.10.20-21.19.26:776][  0]LogConfig: Setting CVar [[r.MaterialQualityLevel:1 ; High quality]]
[2021.10.20-21.19.26:776][  0]LogConfig: Setting CVar [[r.SSS.Scale:1]]
[2021.10.20-21.19.26:776][  0]LogConfig: Setting CVar [[r.SSS.SampleSet:2]]
[2021.10.20-21.19.26:776][  0]LogConfig: Setting CVar [[r.SSS.Quality:1]]
[2021.10.20-21.19.26:776][  0]LogConfig: Setting CVar [[r.SSS.HalfRes:1]]
[2021.10.20-21.19.26:776][  0]LogConfig: Setting CVar [[r.EmitterSpawnRateScale:1.0]]
[2021.10.20-21.19.26:776][  0]LogConfig: Setting CVar [[r.ParticleLightQuality:2]]
[2021.10.20-21.19.26:776][  0]LogConfig: Applying CVar settings from Section [FoliageQuality@3] File [C:/Users/Artem/Documents/Unreal Projects/MyProject/Saved/Config/Windows/Scalability.ini]
[2021.10.20-21.19.26:776][  0]LogConfig: Setting CVar [[foliage.DensityScale:1.0]]
[2021.10.20-21.19.26:776][  0]LogConfig: Setting CVar [[grass.DensityScale:1.0]]
[2021.10.20-21.19.26:776][  0]LogConfig: Applying CVar settings from Section [Startup] File [../../../Engine/Config/ConsoleVariables.ini]
[2021.10.20-21.19.26:776][  0]LogConfig: Setting CVar [[net.UseAdaptiveNetUpdateFrequency:0]]
[2021.10.20-21.19.26:776][  0]LogConfig: Setting CVar [[p.chaos.AllowCreatePhysxBodies:1]]
[2021.10.20-21.19.26:776][  0]LogConfig: Applying CVar settings from Section [ConsoleVariables] File [C:/Users/Artem/Documents/Unreal Projects/MyProject/Saved/Config/Windows/Engine.ini]
[2021.10.20-21.19.26:776][  0]LogInit: Computer: MSI
[2021.10.20-21.19.26:776][  0]LogInit: User: Artem
[2021.10.20-21.19.26:776][  0]LogInit: CPU Page size=4096, Cores=6
[2021.10.20-21.19.26:776][  0]LogInit: High frequency timer resolution =10.000000 MHz
[2021.10.20-21.19.26:777][  0]LogMemory: Memory total: Physical=31.8GB (32GB approx)
[2021.10.20-21.19.26:777][  0]LogMemory: Platform Memory Stats for Windows
[2021.10.20-21.19.26:777][  0]LogMemory: Process Physical Memory: 99.57 MB used, 99.57 MB peak
[2021.10.20-21.19.26:777][  0]LogMemory: Process Virtual Memory: 89.82 MB used, 89.82 MB peak
[2021.10.20-21.19.26:777][  0]LogMemory: Physical Memory: 12193.67 MB used,  20420.08 MB free, 32613.75 MB total
[2021.10.20-21.19.26:777][  0]LogMemory: Virtual Memory: 4660.90 MB used,  134213064.00 MB free, 134217728.00 MB total
[2021.10.20-21.19.26:796][  0]LogInit: Using OS detected language (ru-RU).
[2021.10.20-21.19.26:796][  0]LogInit: Using OS detected locale (ru-RU).
[2021.10.20-21.19.26:797][  0]LogTextLocalizationManager: No specific localization for 'ru-RU' exists, so the 'ru' localization will be used.
[2021.10.20-21.19.26:797][  0]LogTextLocalizationResource: LocRes '../../../Engine/Content/Localization/Editor/ru/Editor.locres' could not be opened for reading!
[2021.10.20-21.19.26:798][  0]LogTextLocalizationResource: LocRes '../../../Engine/Content/Localization/EditorTutorials/ru/EditorTutorials.locres' could not be opened for reading!
[2021.10.20-21.19.26:798][  0]LogTextLocalizationResource: LocRes '../../../Engine/Content/Localization/Keywords/ru/Keywords.locres' could not be opened for reading!
[2021.10.20-21.19.26:798][  0]LogTextLocalizationResource: LocRes '../../../Engine/Content/Localization/Category/ru/Category.locres' could not be opened for reading!
[2021.10.20-21.19.26:798][  0]LogTextLocalizationResource: LocRes '../../../Engine/Content/Localization/ToolTips/ru/ToolTips.locres' could not be opened for reading!
[2021.10.20-21.19.26:798][  0]LogTextLocalizationResource: LocRes '../../../Engine/Content/Localization/PropertyNames/ru/PropertyNames.locres' could not be opened for reading!
[2021.10.20-21.19.26:798][  0]LogTextLocalizationResource: LocRes '../../../Engine/Content/Localization/Engine/ru/Engine.locres' could not be opened for reading!
[2021.10.20-21.19.26:799][  0]LogInit: Setting process to per monitor DPI aware
[2021.10.20-21.19.26:823][  0]LogSlate: New Slate User Created.  User Index 0, Is Virtual User: 0
[2021.10.20-21.19.26:823][  0]LogSlate: Slate User Registered.  User Index 0, Is Virtual User: 0
[2021.10.20-21.19.27:018][  0]LogHMD: Failed to initialize OpenVR with code 110
[2021.10.20-21.19.27:018][  0]LogD3D11RHI: D3D11 adapters:
[2021.10.20-21.19.27:120][  0]LogD3D11RHI:    0. 'NVIDIA GeForce GTX 1050' (Feature Level 11_0)
[2021.10.20-21.19.27:120][  0]LogD3D11RHI:       4021/0/16306 MB DedicatedVideo/DedicatedSystem/SharedSystem, Outputs:1, VendorId:0x10de
[2021.10.20-21.19.27:155][  0]LogD3D11RHI:    1. 'Intel(R) UHD Graphics 630' (Feature Level 11_0)
[2021.10.20-21.19.27:155][  0]LogD3D11RHI:       128/0/16306 MB DedicatedVideo/DedicatedSystem/SharedSystem, Outputs:0, VendorId:0x8086
[2021.10.20-21.19.27:158][  0]LogD3D11RHI:    2. 'Microsoft Basic Render Driver' (Feature Level 11_0)
[2021.10.20-21.19.27:158][  0]LogD3D11RHI:       0/0/16306 MB DedicatedVideo/DedicatedSystem/SharedSystem, Outputs:0, VendorId:0x1414
[2021.10.20-21.19.27:158][  0]LogD3D11RHI: Chosen D3D11 Adapter: 0
[2021.10.20-21.19.27:201][  0]LogD3D11RHI: Creating new Direct3DDevice
[2021.10.20-21.19.27:201][  0]LogD3D11RHI:     GPU DeviceId: 0x1c8d (for the marketing name, search the web for "GPU Device Id")
[2021.10.20-21.19.27:201][  0]LogWindows: EnumDisplayDevices:
[2021.10.20-21.19.27:201][  0]LogWindows:    0. 'Intel(R) UHD Graphics 630' (P:1 D:1)
[2021.10.20-21.19.27:201][  0]LogWindows:    1. 'Intel(R) UHD Graphics 630' (P:0 D:0)
[2021.10.20-21.19.27:202][  0]LogWindows:    2. 'Intel(R) UHD Graphics 630' (P:0 D:0)
[2021.10.20-21.19.27:202][  0]LogWindows: DebugString: PrimaryIsNotTheChoosenAdapter PrimaryIsNotTheChoosenAdapter PrimaryIsNotTheChoosenAdapter FoundDriverCount:0 
[2021.10.20-21.19.27:202][  0]LogD3D11RHI:     Adapter Name: NVIDIA GeForce GTX 1050
[2021.10.20-21.19.27:202][  0]LogD3D11RHI:   Driver Version: Unknown (internal:Unknown, unified:Unknown)
[2021.10.20-21.19.27:202][  0]LogD3D11RHI:      Driver Date: Unknown
[2021.10.20-21.19.27:202][  0]LogRHI: Texture pool is 2814 MB (70% of 4021 MB)
[2021.10.20-21.19.27:272][  0]LogD3D11RHI: Async texture creation enabled
[2021.10.20-21.19.27:277][  0]LogRendererCore: FGlobalReadBuffer::InitRHI
[2021.10.20-21.19.27:277][  0]LogRendererCore: FGlobalReadBuffer::InitRHI
[2021.10.20-21.19.27:277][  0]LogRendererCore: FGlobalReadBuffer::InitRHI
[2021.10.20-21.19.27:292][  0]LogD3D11RHI: GPU Timing Frequency: 1000.000000 (Debug: 2 2)
[2021.10.20-21.19.27:739][  0]LogTemp: Display: Module 'AllDesktopTargetPlatform' loaded TargetPlatform 'AllDesktop'
[2021.10.20-21.19.27:754][  0]LogTemp: Display: Module 'MacClientTargetPlatform' loaded TargetPlatform 'MacClient'
[2021.10.20-21.19.27:769][  0]LogTemp: Display: Module 'MacNoEditorTargetPlatform' loaded TargetPlatform 'MacNoEditor'
[2021.10.20-21.19.27:784][  0]LogTemp: Display: Module 'MacServerTargetPlatform' loaded TargetPlatform 'MacServer'
[2021.10.20-21.19.27:797][  0]LogTemp: Display: Module 'MacTargetPlatform' loaded TargetPlatform 'Mac'
[2021.10.20-21.19.27:812][  0]LogTemp: Display: Module 'WindowsClientTargetPlatform' loaded TargetPlatform 'WindowsClient'
[2021.10.20-21.19.27:826][  0]LogTemp: Display: Module 'WindowsNoEditorTargetPlatform' loaded TargetPlatform 'WindowsNoEditor'
[2021.10.20-21.19.27:840][  0]LogTemp: Display: Module 'WindowsServerTargetPlatform' loaded TargetPlatform 'WindowsServer'
[2021.10.20-21.19.27:847][  0]LogTemp: Display: Module 'WindowsTargetPlatform' loaded TargetPlatform 'Windows'
[2021.10.20-21.19.27:937][  0]LogTemp: Display: Module 'AndroidTargetPlatform' loaded TargetPlatform 'Android'
[2021.10.20-21.19.27:937][  0]LogTemp: Display: Module 'AndroidTargetPlatform' loaded TargetPlatform 'Android_ASTC'
[2021.10.20-21.19.27:937][  0]LogTemp: Display: Module 'AndroidTargetPlatform' loaded TargetPlatform 'Android_ATC'
[2021.10.20-21.19.27:937][  0]LogTemp: Display: Module 'AndroidTargetPlatform' loaded TargetPlatform 'Android_DXT'
[2021.10.20-21.19.27:937][  0]LogTemp: Display: Module 'AndroidTargetPlatform' loaded TargetPlatform 'Android_ETC1'
[2021.10.20-21.19.27:937][  0]LogTemp: Display: Module 'AndroidTargetPlatform' loaded TargetPlatform 'Android_ETC1a'
[2021.10.20-21.19.27:937][  0]LogTemp: Display: Module 'AndroidTargetPlatform' loaded TargetPlatform 'Android_ETC2'
[2021.10.20-21.19.27:937][  0]LogTemp: Display: Module 'AndroidTargetPlatform' loaded TargetPlatform 'Android_PVRTC'
[2021.10.20-21.19.27:937][  0]LogTemp: Display: Module 'AndroidTargetPlatform' loaded TargetPlatform 'AndroidClient'
[2021.10.20-21.19.27:937][  0]LogTemp: Display: Module 'AndroidTargetPlatform' loaded TargetPlatform 'Android_ASTCClient'
[2021.10.20-21.19.27:937][  0]LogTemp: Display: Module 'AndroidTargetPlatform' loaded TargetPlatform 'Android_ATCClient'
[2021.10.20-21.19.27:937][  0]LogTemp: Display: Module 'AndroidTargetPlatform' loaded TargetPlatform 'Android_DXTClient'
[2021.10.20-21.19.27:937][  0]LogTemp: Display: Module 'AndroidTargetPlatform' loaded TargetPlatform 'Android_ETC1Client'
[2021.10.20-21.19.27:937][  0]LogTemp: Display: Module 'AndroidTargetPlatform' loaded TargetPlatform 'Android_ETC1aClient'
[2021.10.20-21.19.27:937][  0]LogTemp: Display: Module 'AndroidTargetPlatform' loaded TargetPlatform 'Android_ETC2Client'
[2021.10.20-21.19.27:937][  0]LogTemp: Display: Module 'AndroidTargetPlatform' loaded TargetPlatform 'Android_PVRTCClient'
[2021.10.20-21.19.27:937][  0]LogTemp: Display: Module 'AndroidTargetPlatform' loaded TargetPlatform 'Android_Multi'
[2021.10.20-21.19.27:937][  0]LogTemp: Display: Module 'AndroidTargetPlatform' loaded TargetPlatform 'Android_MultiClient'
[2021.10.20-21.19.27:938][  0]LogTemp: Display: Module 'HTML5TargetPlatform' loaded TargetPlatform 'HTML5'
[2021.10.20-21.19.27:986][  0]LogTemp: Display: Module 'IOSTargetPlatform' loaded TargetPlatform 'IOSClient'
[2021.10.20-21.19.27:986][  0]LogTemp: Display: Module 'IOSTargetPlatform' loaded TargetPlatform 'IOS'
[2021.10.20-21.19.28:007][  0]LogTemp: Display: Module 'TVOSTargetPlatform' loaded TargetPlatform 'TVOSClient'
[2021.10.20-21.19.28:008][  0]LogTemp: Display: Module 'TVOSTargetPlatform' loaded TargetPlatform 'TVOS'
[2021.10.20-21.19.28:018][  0]LogTemp: Display: Module 'LinuxClientTargetPlatform' loaded TargetPlatform 'LinuxClient'
[2021.10.20-21.19.28:029][  0]LogTemp: Display: Module 'LinuxNoEditorTargetPlatform' loaded TargetPlatform 'LinuxNoEditor'
[2021.10.20-21.19.28:040][  0]LogTemp: Display: Module 'LinuxServerTargetPlatform' loaded TargetPlatform 'LinuxServer'
[2021.10.20-21.19.28:051][  0]LogTemp: Display: Module 'LinuxTargetPlatform' loaded TargetPlatform 'Linux'
[2021.10.20-21.19.28:089][  0]LogTemp: Display: Module 'LuminTargetPlatform' loaded TargetPlatform 'Lumin'
[2021.10.20-21.19.28:089][  0]LogTemp: Display: Module 'LuminTargetPlatform' loaded TargetPlatform 'LuminClient'
[2021.10.20-21.19.28:089][  0]LogTargetPlatformManager: Display: Building Assets For Windows
[2021.10.20-21.19.28:094][  0]LogAudioDebug: Display: Lib vorbis DLL was dynamically loaded.
[2021.10.20-21.19.28:134][  0]LogShaderCompilers: Guid format shader working directory is -5 characters bigger than the processId version (C:/Users/Artem/Documents/Unreal Projects/MyProject/Intermediate/Shaders/WorkingDirectory/20856/).
[2021.10.20-21.19.28:134][  0]LogShaderCompilers: Cleaned the shader compiler working directory 'C:/Users/Artem/AppData/Local/Temp/UnrealShaderWorkingDir/A8C20EA8499087BC72A409A918BBCD1C/'.
[2021.10.20-21.19.28:136][  0]LogXGEController: Cannot use XGE Controller as Incredibuild is not installed on this machine.
[2021.10.20-21.19.28:136][  0]LogShaderCompilers: Cannot use XGE Shader Compiler as Incredibuild is not installed on this machine.
[2021.10.20-21.19.28:136][  0]LogShaderCompilers: Display: Using Local Shader Compiler.
[2021.10.20-21.19.28:765][  0]LogDerivedDataCache: Display: Max Cache Size: 512 MB
[2021.10.20-21.19.28:820][  0]LogDerivedDataCache: Loaded boot cache 0.05s 71MB C:/Users/Artem/AppData/Local/UnrealEngine/4.22/DerivedDataCache/Boot.ddc.
[2021.10.20-21.19.28:820][  0]LogDerivedDataCache: Display: Loaded Boot cache: C:/Users/Artem/AppData/Local/UnrealEngine/4.22/DerivedDataCache/Boot.ddc
[2021.10.20-21.19.28:820][  0]LogDerivedDataCache: FDerivedDataBackendGraph:  Pak pak cache file C:/Users/Artem/Documents/Unreal Projects/MyProject/DerivedDataCache/DDC.ddp not found, will not use a pak cache.
[2021.10.20-21.19.28:820][  0]LogDerivedDataCache: Unable to find inner node Pak for hierarchical cache Hierarchy.
[2021.10.20-21.19.28:820][  0]LogDerivedDataCache: FDerivedDataBackendGraph:  CompressedPak pak cache file C:/Users/Artem/Documents/Unreal Projects/MyProject/DerivedDataCache/Compressed.ddp not found, will not use a pak cache.
[2021.10.20-21.19.28:820][  0]LogDerivedDataCache: Unable to find inner node CompressedPak for hierarchical cache Hierarchy.
[2021.10.20-21.19.28:832][  0]LogDerivedDataCache: Display: Pak cache opened for reading ../../../Engine/DerivedDataCache/Compressed.ddp.
[2021.10.20-21.19.28:832][  0]LogDerivedDataCache: FDerivedDataBackendGraph:  EnterprisePak pak cache file ../../../Enterprise/DerivedDataCache/Compressed.ddp not found, will not use a pak cache.
[2021.10.20-21.19.28:832][  0]LogDerivedDataCache: Unable to find inner node EnterprisePak for hierarchical cache Hierarchy.
[2021.10.20-21.19.28:844][  0]LogDerivedDataCache: Using Local data cache path C:/Users/Artem/AppData/Local/UnrealEngine/Common/DerivedDataCache: Writable
[2021.10.20-21.19.28:844][  0]LogDerivedDataCache: Shared data cache path not found in *engine.ini, will not use an Shared cache.
[2021.10.20-21.19.28:844][  0]LogDerivedDataCache: Unable to find inner node Shared for hierarchical cache Hierarchy.
[2021.10.20-21.19.28:871][  0]LogMaterial: Verifying Global Shaders for PCD3D_SM5
[2021.10.20-21.19.28:872][  0]LogSlate: Using FreeType 2.6.0
[2021.10.20-21.19.28:873][  0]LogSlate: SlateFontServices - WITH_FREETYPE: 1, WITH_HARFBUZZ: 1
[2021.10.20-21.19.28:968][  0]LogAssetRegistry: FAssetRegistry took 0.0384 seconds to start up
[2021.10.20-21.19.29:394][  0]LogInit: Selected Device Profile: [Windows]
[2021.10.20-21.19.29:607][  0]LogMeshReduction: Using QuadricMeshReduction for automatic static mesh reduction
[2021.10.20-21.19.29:607][  0]LogMeshReduction: Using SimplygonMeshReduction for automatic skeletal mesh reduction
[2021.10.20-21.19.29:607][  0]LogMeshReduction: Using ProxyLODMeshReduction for automatic mesh merging
[2021.10.20-21.19.29:607][  0]LogMeshReduction: No distributed automatic mesh merging module available
[2021.10.20-21.19.29:607][  0]LogMeshMerging: No distributed automatic mesh merging module available
[2021.10.20-21.19.29:621][  0]LogNetVersion: MyProject 1.0.0, NetCL: 5660361, EngineNetVer: 10, GameNetVer: 0 (Checksum: 2788865488)
[2021.10.20-21.19.30:073][  0]LogPackageLocalizationCache: Processed 10 localized package path(s) for 1 prioritized culture(s) in 0.048178 seconds
[2021.10.20-21.19.30:082][  0]LogUObjectArray: 42205 objects as part of root set at end of initial load.
[2021.10.20-21.19.30:082][  0]LogUObjectAllocator: 7325032 out of 0 bytes used by permanent object pool.
[2021.10.20-21.19.30:082][  0]LogUObjectArray: CloseDisregardForGC: 0/0 objects in disregard for GC pool
[2021.10.20-21.19.30:843][  0]LogTcpMessaging: Initializing TcpMessaging bridge
[2021.10.20-21.19.30:858][  0]LogUdpMessaging: Initializing bridge on interface 0.0.0.0:0 to multicast group 230.0.0.1:6666.
[2021.10.20-21.19.30:985][  0]SourceControl: Source control is disabled
[2021.10.20-21.19.30:985][  0]SourceControl: Source control is disabled
[2021.10.20-21.19.30:986][  0]SourceControl: Source control is disabled
[2021.10.20-21.19.30:987][  0]SourceControl: Source control is disabled
[2021.10.20-21.19.31:048][  0]LogAndroidPermission: UAndroidPermissionCallbackProxy::GetInstance
[2021.10.20-21.19.31:183][  0]LogOcInput: OculusInput pre-init called
[2021.10.20-21.19.31:822][  0]LogEngine: Initializing Engine...
[2021.10.20-21.19.31:822][  0]LogHMD: Failed to initialize OpenVR with code 110
[2021.10.20-21.19.31:823][  0]LogStats: UGameplayTagsManager::InitializeManager -  0.000 s
[2021.10.20-21.19.32:103][  0]LogInit: Initializing FReadOnlyCVARCache
[2021.10.20-21.19.32:112][  0]LogAIModule: Creating AISystem for world Untitled
[2021.10.20-21.19.32:168][  0]LogInit: XAudio2 using 'Наушники (EDIFIER W800BT Stereo)' : 2 channels at 44.1 kHz using 16 bits per sample (channel mask 0x3)
[2021.10.20-21.19.32:209][  0]LogInit: FAudioDevice initialized.
[2021.10.20-21.19.32:209][  0]LogNetVersion: Set ProjectVersion to 1.0.0.0. Version Checksum will be recalculated on next use.
[2021.10.20-21.19.32:390][  0]LogDerivedDataCache: Saved boot cache 0.18s 71MB C:/Users/Artem/AppData/Local/UnrealEngine/4.22/DerivedDataCache/Boot.ddc.
[2021.10.20-21.19.32:396][  0]LogInit: Texture streaming: Enabled
[2021.10.20-21.19.32:408][  0]LogEngineSessionManager: EngineSessionManager initialized
[2021.10.20-21.19.32:440][  0]LogInit: Transaction tracking system initialized
[2021.10.20-21.19.32:456][  0]BlueprintLog: New page: Editor Load
[2021.10.20-21.19.32:536][  0]LocalizationService: Localization service is disabled
[2021.10.20-21.19.33:004][  0]LogFileCache: Scanning file cache for directory 'C:/Users/Artem/Documents/Unreal Projects/MyProject/Content/' took 0.02s
[2021.10.20-21.19.33:004][  0]LogCook: Display: Max memory allowance for cook 16384mb min free memory 0mb
[2021.10.20-21.19.33:004][  0]LogCook: Display: Mobile HDR setting 1
[2021.10.20-21.19.33:208][  0]SourceControl: Source control is disabled
[2021.10.20-21.19.33:208][  0]Cmd: MAP LOAD FILE="C:/Users/Artem/Documents/Unreal Projects/MyProject/Content/ThirdPersonBP/Maps/ThirdPersonExampleMap.umap" TEMPLATE=0 SHOWPROGRESS=1 FEATURELEVEL=3
[2021.10.20-21.19.33:217][  0]LightingResults: New page: Lighting Build
[2021.10.20-21.19.33:218][  0]MapCheck: New page: Map Check
[2021.10.20-21.19.33:218][  0]LightingResults: New page: Lighting Build
[2021.10.20-21.19.33:253][  0]LogUObjectHash: Compacting FUObjectHashTables data took   1.43ms
[2021.10.20-21.19.36:610][  0]LogAIModule: Creating AISystem for world ThirdPersonExampleMap
[2021.10.20-21.19.37:009][  0]LogEditorServer: Finished looking for orphan Actors (0.000 secs)
[2021.10.20-21.19.37:070][  0]LogUObjectHash: Compacting FUObjectHashTables data took   2.40ms
[2021.10.20-21.19.37:070][  0]Cmd: MAP CHECKDEP NOCLEARLOG
[2021.10.20-21.19.37:070][  0]MapCheck: Map check complete: 0 Error(s), 0 Warning(s), took 0,156ms to complete.
[2021.10.20-21.19.37:070][  0]LogFileHelpers: Loading map 'ThirdPersonExampleMap' took 3.862
[2021.10.20-21.19.38:538][  0]LogSlate: Updating window title bar state: overlay mode, drag disabled, window buttons hidden, title bar hidden
[2021.10.20-21.19.38:564][  0]LogSlate: Updating window title bar state: overlay mode, drag disabled, window buttons hidden, title bar hidden
[2021.10.20-21.19.38:580][  0]LogSlate: Updating window title bar state: overlay mode, drag disabled, window buttons hidden, title bar hidden
[2021.10.20-21.19.38:593][  0]LogSlate: Updating window title bar state: overlay mode, drag disabled, window buttons hidden, title bar hidden
[2021.10.20-21.19.39:107][  0]LogCollectionManager: Loaded 0 collections in 0.001205 seconds
[2021.10.20-21.19.39:687][  0]LogFileCache: Scanning file cache for directory 'C:/Users/Artem/Documents/Unreal Projects/MyProject/Saved/Collections/' took 0.01s
[2021.10.20-21.19.39:687][  0]LogFileCache: Scanning file cache for directory 'C:/Users/Artem/Documents/Unreal Projects/MyProject/Content/Developers/Artem/Collections/' took 0.00s
[2021.10.20-21.19.39:687][  0]LogFileCache: Scanning file cache for directory 'C:/Users/Artem/Documents/Unreal Projects/MyProject/Content/Collections/' took 0.00s
[2021.10.20-21.19.39:687][  0]LogCollectionManager: Rebuilt the GUID cache for 0 collections in 0.000000 seconds
[2021.10.20-21.19.39:699][  0]LogContentBrowser: Native class hierarchy populated in 0.0112 seconds. Added 2732 classes and 659 folders.
[2021.10.20-21.19.39:929][  0]LogContentBrowser: Native class hierarchy updated for 'WidgetCarousel' in 0.0003 seconds. Added 0 classes and 0 folders.
[2021.10.20-21.19.40:274][  0]LogPakFile: Registered encryption key '00000000000000000000000000000000': 0 pak files mounted, 0 remain pending
[2021.10.20-21.19.40:451][  0]LogPakFile: Registered encryption key '00000000000000000000000000000000': 0 pak files mounted, 0 remain pending
[2021.10.20-21.19.40:558][  0]LogPakFile: Registered encryption key '00000000000000000000000000000000': 0 pak files mounted, 0 remain pending
[2021.10.20-21.19.40:599][  0]LogPakFile: Registered encryption key '00000000000000000000000000000000': 0 pak files mounted, 0 remain pending
[2021.10.20-21.19.40:723][  0]LogPakFile: Registered encryption key '00000000000000000000000000000000': 0 pak files mounted, 0 remain pending
[2021.10.20-21.19.40:812][  0]LogPakFile: Registered encryption key '00000000000000000000000000000000': 0 pak files mounted, 0 remain pending
[2021.10.20-21.19.40:859][  0]LogPakFile: Registered encryption key '00000000000000000000000000000000': 0 pak files mounted, 0 remain pending
[2021.10.20-21.19.40:885][  0]LogPakFile: Registered encryption key '00000000000000000000000000000000': 0 pak files mounted, 0 remain pending
[2021.10.20-21.19.40:990][  0]LogPakFile: Registered encryption key '00000000000000000000000000000000': 0 pak files mounted, 0 remain pending
[2021.10.20-21.19.41:234][  0]LogPakFile: Registered encryption key '00000000000000000000000000000000': 0 pak files mounted, 0 remain pending
[2021.10.20-21.19.41:260][  0]LogPakFile: Registered encryption key '00000000000000000000000000000000': 0 pak files mounted, 0 remain pending
[2021.10.20-21.19.41:281][  0]LogPakFile: Registered encryption key '00000000000000000000000000000000': 0 pak files mounted, 0 remain pending
[2021.10.20-21.19.41:290][  0]LogPakFile: Registered encryption key '00000000000000000000000000000000': 0 pak files mounted, 0 remain pending
[2021.10.20-21.19.41:322][  0]LogPakFile: Registered encryption key '00000000000000000000000000000000': 0 pak files mounted, 0 remain pending
[2021.10.20-21.19.41:354][  0]LogPakFile: Registered encryption key '00000000000000000000000000000000': 0 pak files mounted, 0 remain pending
[2021.10.20-21.19.41:430][  0]LogPakFile: Registered encryption key '00000000000000000000000000000000': 0 pak files mounted, 0 remain pending
[2021.10.20-21.19.41:559][  0]LogPakFile: Registered encryption key '00000000000000000000000000000000': 0 pak files mounted, 0 remain pending
[2021.10.20-21.19.41:596][  0]LogPakFile: Registered encryption key '00000000000000000000000000000000': 0 pak files mounted, 0 remain pending
[2021.10.20-21.19.41:609][  0]LogPakFile: Registered encryption key '00000000000000000000000000000000': 0 pak files mounted, 0 remain pending
[2021.10.20-21.19.41:650][  0]LogPakFile: Registered encryption key '00000000000000000000000000000000': 0 pak files mounted, 0 remain pending
[2021.10.20-21.19.41:689][  0]LogPakFile: Registered encryption key '00000000000000000000000000000000': 0 pak files mounted, 0 remain pending
[2021.10.20-21.19.41:756][  0]LogPakFile: Registered encryption key '00000000000000000000000000000000': 0 pak files mounted, 0 remain pending
[2021.10.20-21.19.41:798][  0]LogPakFile: Registered encryption key '00000000000000000000000000000000': 0 pak files mounted, 0 remain pending
[2021.10.20-21.19.41:862][  0]LogPakFile: Registered encryption key '00000000000000000000000000000000': 0 pak files mounted, 0 remain pending
[2021.10.20-21.19.41:897][  0]LogPakFile: Registered encryption key '00000000000000000000000000000000': 0 pak files mounted, 0 remain pending
[2021.10.20-21.19.41:942][  0]LogPakFile: Registered encryption key '00000000000000000000000000000000': 0 pak files mounted, 0 remain pending
[2021.10.20-21.19.44:491][  0]LogContentBrowser: Native class hierarchy updated for 'AddContentDialog' in 0.0003 seconds. Added 0 classes and 0 folders.
[2021.10.20-21.19.44:801][  0]LogContentBrowser: Native class hierarchy updated for 'SceneOutliner' in 0.0005 seconds. Added 1 classes and 2 folders.
[2021.10.20-21.19.45:743][  0]LogSlate: Took 0.000320 seconds to synchronously load lazily loaded font '../../../Engine/Content/Slate/Fonts/Roboto-Regular.ttf' (155K)
[2021.10.20-21.19.45:750][  0]LogSlate: Took 0.000368 seconds to synchronously load lazily loaded font '../../../Engine/Content/Slate/Fonts/Roboto-Bold.ttf' (160K)
[2021.10.20-21.19.45:799][  0]LogSlate: Took 0.024619 seconds to synchronously load lazily loaded font '../../../Engine/Content/Editor/Slate/Fonts/FontAwesome.ttf' (139K)
[2021.10.20-21.19.46:393][  0]LogRenderer: Reallocating scene render targets to support 1208x680 Format 10 NumSamples 1 (Frame:1).
[2021.10.20-21.19.46:823][  0]LogContentBrowser: Native class hierarchy updated for 'HierarchicalLODOutliner' in 0.0003 seconds. Added 0 classes and 0 folders.
[2021.10.20-21.19.46:823][  0]LogLoad: (Engine Initialization) Total time: 22.28 seconds
[2021.10.20-21.19.46:823][  0]LogLoad: (Engine Initialization) Total Blueprint compile time: 0.00 seconds
[2021.10.20-21.19.47:011][  0]LogAssetRegistry: Asset discovery search completed in 18.0661 seconds
[2021.10.20-21.19.47:017][  0]LogCollectionManager: Rebuilt the object cache for 0 collections in 0.000001 seconds (found 0 objects)
[2021.10.20-21.19.47:017][  0]LogCollectionManager: Fixed up redirectors for 0 collections in 0.000140 seconds (updated 0 objects)
[2021.10.20-21.19.47:074][  0]LogContentStreaming: Texture pool size now 1000 MB
[2021.10.20-21.19.47:280][  0]LogSlate: Took 0.032699 seconds to synchronously load lazily loaded font '../../../Engine/Content/Slate/Fonts/Roboto-Light.ttf' (167K)
[2021.10.20-21.20.31:076][317]LogSlate: FSceneViewport::OnFocusLost() reason 0
[2021.10.20-21.20.31:236][323]LogUObjectHash: Compacting FUObjectHashTables data took   0.59ms
[2021.10.20-21.20.31:285][323]LogSlate: Window 'MyProject - Unreal Editor' being destroyed
[2021.10.20-21.20.31:577][324]Cmd: QUIT_EDITOR
[2021.10.20-21.20.31:598][324]LogWindowsTextInputMethodSystem: Display: IME system now deactivated.
[2021.10.20-21.20.31:605][324]LogExit: Preparing to exit.
[2021.10.20-21.20.31:935][324]LogExit: Editor shut down
[2021.10.20-21.20.31:936][324]LogExit: Transaction tracking system shut down
[2021.10.20-21.20.32:163][324]LogExit: Object subsystem successfully closed.
[2021.10.20-21.20.32:196][324]LogShaderCompilers: Display: Shaders left to compile 0
[2021.10.20-21.20.32:200][324]LogD3D11RHI: Shutdown
[2021.10.20-21.20.32:200][324]LogD3D11RHI: CleanupD3DDevice
[2021.10.20-21.20.32:201][324]LogRendererCore: FGlobalReadBuffer::ReleaseRHI
[2021.10.20-21.20.32:201][324]LogRendererCore: FGlobalDynamicReadBuffer::Cleanup()
[2021.10.20-21.20.32:201][324]LogRendererCore: FGlobalReadBuffer::ReleaseRHI
[2021.10.20-21.20.32:201][324]LogRendererCore: FGlobalDynamicReadBuffer::Cleanup()
[2021.10.20-21.20.32:201][324]LogRendererCore: FGlobalReadBuffer::ReleaseRHI
[2021.10.20-21.20.32:201][324]LogRendererCore: FGlobalDynamicReadBuffer::Cleanup()
[2021.10.20-21.20.32:334][324]LogD3D11RHI: ~FD3D11DynamicRHI
[2021.10.20-21.20.32:347][324]LogModuleManager: Shutting down and abandoning module HierarchicalLODOutliner (642)
[2021.10.20-21.20.32:347][324]LogModuleManager: Shutting down and abandoning module SceneOutliner (640)
[2021.10.20-21.20.32:347][324]LogModuleManager: Shutting down and abandoning module AddContentDialog (638)
[2021.10.20-21.20.32:347][324]LogModuleManager: Shutting down and abandoning module WidgetCarousel (637)
[2021.10.20-21.20.32:347][324]LogModuleManager: Shutting down and abandoning module EditorWidgets (634)
[2021.10.20-21.20.32:347][324]LogModuleManager: Shutting down and abandoning module CollectionManager (632)
[2021.10.20-21.20.32:347][324]LogModuleManager: Shutting down and abandoning module StatsViewer (630)
[2021.10.20-21.20.32:347][324]LogModuleManager: Shutting down and abandoning module FoliageEdit (628)
[2021.10.20-21.20.32:347][324]LogModuleManager: Shutting down and abandoning module LandscapeEditor (626)
[2021.10.20-21.20.32:347][324]LogModuleManager: Shutting down and abandoning module MeshPaintMode (624)
[2021.10.20-21.20.32:347][324]LogModuleManager: Shutting down and abandoning module SceneDepthPickerMode (622)
[2021.10.20-21.20.32:347][324]LogModuleManager: Shutting down and abandoning module ActorPickerMode (620)
[2021.10.20-21.20.32:347][324]LogModuleManager: Shutting down and abandoning module GeometryMode (618)
[2021.10.20-21.20.32:347][324]LogModuleManager: Shutting down and abandoning module TextureAlignMode (616)
[2021.10.20-21.20.32:347][324]LogModuleManager: Shutting down and abandoning module BspMode (614)
[2021.10.20-21.20.32:347][324]LogModuleManager: Shutting down and abandoning module PIEPreviewDeviceProfileSelector (612)
[2021.10.20-21.20.32:347][324]LogModuleManager: Shutting down and abandoning module SequenceRecorderSections (610)
[2021.10.20-21.20.32:347][324]LogModuleManager: Shutting down and abandoning module AutomationWorker (608)
[2021.10.20-21.20.32:347][324]LogModuleManager: Shutting down and abandoning module OculusMR (606)
[2021.10.20-21.20.32:347][324]LogModuleManager: Shutting down and abandoning module AudioCaptureEditor (604)
[2021.10.20-21.20.32:347][324]LogModuleManager: Shutting down and abandoning module MatineeToLevelSequence (602)
[2021.10.20-21.20.32:347][324]LogModuleManager: Shutting down and abandoning module LevelSequenceEditor (600)
[2021.10.20-21.20.32:348][324]LogModuleManager: Shutting down and abandoning module PlacementMode (599)
[2021.10.20-21.20.32:348][324]LogModuleManager: Shutting down and abandoning module MaterialEditor (598)
[2021.10.20-21.20.32:348][324]LogModuleManager: Shutting down and abandoning module ActorSequenceEditor (594)
[2021.10.20-21.20.32:348][324]LogModuleManager: Shutting down and abandoning module WmfMediaFactory (592)
[2021.10.20-21.20.32:348][324]LogModuleManager: Shutting down and abandoning module WmfMediaEditor (590)
[2021.10.20-21.20.32:348][324]LogModuleManager: Shutting down and abandoning module WebMMediaFactory (588)
[2021.10.20-21.20.32:348][324]LogModuleManager: Shutting down and abandoning module WebMMediaEditor (586)
[2021.10.20-21.20.32:348][324]LogModuleManager: Shutting down and abandoning module WebMMedia (584)
[2021.10.20-21.20.32:348][324]LogModuleManager: Shutting down and abandoning module MediaPlayerEditor (582)
[2021.10.20-21.20.32:348][324]LogModuleManager: Shutting down and abandoning module MediaCompositingEditor (580)
[2021.10.20-21.20.32:348][324]LogModuleManager: Shutting down and abandoning module SequenceRecorder (579)
[2021.10.20-21.20.32:348][324]LogModuleManager: Shutting down and abandoning module OpenExrWrapper (576)
[2021.10.20-21.20.32:348][324]LogModuleManager: Shutting down and abandoning module ImgMediaFactory (574)
[2021.10.20-21.20.32:348][324]LogModuleManager: Shutting down and abandoning module ImgMediaEditor (572)
[2021.10.20-21.20.32:348][324]LogModuleManager: Shutting down and abandoning module AvfMediaFactory (570)
[2021.10.20-21.20.32:348][324]LogModuleManager: Shutting down and abandoning module AvfMediaEditor (568)
[2021.10.20-21.20.32:348][324]LogModuleManager: Shutting down and abandoning module AndroidMediaFactory (566)
[2021.10.20-21.20.32:348][324]LogModuleManager: Shutting down and abandoning module AndroidMediaEditor (564)
[2021.10.20-21.20.32:348][324]LogModuleManager: Shutting down and abandoning module MagicLeapCameraPreviewFactory (562)
[2021.10.20-21.20.32:348][324]LogModuleManager: Shutting down and abandoning module MagicLeapMediaCodecFactory (560)
[2021.10.20-21.20.32:348][324]LogModuleManager: Shutting down and abandoning module MagicLeapMediaFactory (558)
[2021.10.20-21.20.32:348][324]LogModuleManager: Shutting down and abandoning module MagicLeapMediaEditor (556)
[2021.10.20-21.20.32:348][324]LogModuleManager: Shutting down and abandoning module CharacterAI (554)
[2021.10.20-21.20.32:348][324]LogModuleManager: Shutting down and abandoning module SmartSnapping (552)
[2021.10.20-21.20.32:348][324]LogModuleManager: Shutting down and abandoning module SessionServices (550)
[2021.10.20-21.20.32:348][324]LogModuleManager: Shutting down and abandoning module MeshPaint (548)
[2021.10.20-21.20.32:348][324]LogModuleManager: Shutting down and abandoning module ViewportSnapping (546)
[2021.10.20-21.20.32:348][324]LogModuleManager: Shutting down and abandoning module ViewportInteraction (544)
[2021.10.20-21.20.32:348][324]LogModuleManager: Shutting down and abandoning module ClothPainter (542)
[2021.10.20-21.20.32:348][324]LogModuleManager: Shutting down and abandoning module SkeletalMeshEditor (541)
[2021.10.20-21.20.32:348][324]LogModuleManager: Shutting down and abandoning module LogVisualizer (538)
[2021.10.20-21.20.32:348][324]LogModuleManager: Shutting down and abandoning module IntroTutorials (536)
[2021.10.20-21.20.32:348][324]LogModuleManager: Shutting down and abandoning module GameProjectGeneration (535)
[2021.10.20-21.20.32:348][324]LogModuleManager: Shutting down and abandoning module LuminPlatformEditor (532)
[2021.10.20-21.20.32:348][324]LogModuleManager: Shutting down and abandoning module IOSPlatformEditor (530)
[2021.10.20-21.20.32:348][324]LogModuleManager: Shutting down and abandoning module HTML5PlatformEditor (528)
[2021.10.20-21.20.32:348][324]LogModuleManager: Shutting down and abandoning module AndroidPlatformEditor (526)
[2021.10.20-21.20.32:348][324]LogModuleManager: Shutting down and abandoning module AndroidDeviceDetection (525)
[2021.10.20-21.20.33:653][324]LogModuleManager: Shutting down and abandoning module WindowsPlatformEditor (522)
[2021.10.20-21.20.33:654][324]LogModuleManager: Shutting down and abandoning module LuminRuntimeSettings (520)
[2021.10.20-21.20.33:654][324]LogModuleManager: Shutting down and abandoning module IOSRuntimeSettings (518)
[2021.10.20-21.20.33:654][324]LogModuleManager: Shutting down and abandoning module AndroidRuntimeSettings (516)
[2021.10.20-21.20.33:654][324]LogModuleManager: Shutting down and abandoning module TimeManagementEditor (514)
[2021.10.20-21.20.33:654][324]LogModuleManager: Shutting down and abandoning module InputBindingEditor (512)
[2021.10.20-21.20.33:654][324]LogModuleManager: Shutting down and abandoning module MergeActors (510)
[2021.10.20-21.20.33:654][324]LogModuleManager: Shutting down and abandoning module LocalizationDashboard (508)
[2021.10.20-21.20.33:654][324]LogModuleManager: Shutting down and abandoning module LocalizationService (507)
[2021.10.20-21.20.33:654][324]LogModuleManager: Shutting down and abandoning module HardwareTargeting (504)
[2021.10.20-21.20.33:654][324]LogModuleManager: Shutting down and abandoning module DeviceProfileEditor (502)
[2021.10.20-21.20.33:654][324]LogModuleManager: Shutting down and abandoning module UndoHistory (500)
[2021.10.20-21.20.33:654][324]LogModuleManager: Shutting down and abandoning module XmlParser (498)
[2021.10.20-21.20.33:654][324]LogModuleManager: Shutting down and abandoning module Blutility (496)
[2021.10.20-21.20.33:654][324]LogModuleManager: Shutting down and abandoning module ProjectSettingsViewer (494)
[2021.10.20-21.20.33:654][324]LogModuleManager: Shutting down and abandoning module ProjectTargetPlatformEditor (493)
[2021.10.20-21.20.33:654][324]LogModuleManager: Shutting down and abandoning module EditorSettingsViewer (490)
[2021.10.20-21.20.33:654][324]LogModuleManager: Shutting down and abandoning module SettingsEditor (488)
[2021.10.20-21.20.33:654][324]LogModuleManager: Shutting down and abandoning module ProjectLauncher (486)
[2021.10.20-21.20.33:654][324]LogModuleManager: Shutting down and abandoning module SessionFrontend (484)
[2021.10.20-21.20.33:654][324]LogModuleManager: Shutting down and abandoning module ProfilerClient (482)
[2021.10.20-21.20.33:654][324]LogModuleManager: Shutting down and abandoning module DeviceManager (480)
[2021.10.20-21.20.33:654][324]LogModuleManager: Shutting down and abandoning module TargetDeviceServices (479)
[2021.10.20-21.20.33:709][324]LogModuleManager: Shutting down and abandoning module AutomationController (476)
[2021.10.20-21.20.33:709][324]LogModuleManager: Shutting down and abandoning module AutomationWindow (474)
[2021.10.20-21.20.33:709][324]LogModuleManager: Shutting down and abandoning module Layers (472)
[2021.10.20-21.20.33:709][324]LogModuleManager: Shutting down and abandoning module ComponentVisualizers (470)
[2021.10.20-21.20.33:709][324]LogModuleManager: Shutting down and abandoning module DetailCustomizations (468)
[2021.10.20-21.20.33:709][324]LogModuleManager: Shutting down and abandoning module PackagesDialog (466)
[2021.10.20-21.20.33:709][324]LogModuleManager: Shutting down and abandoning module AnimationBlueprintEditor (464)
[2021.10.20-21.20.33:709][324]LogModuleManager: Shutting down and abandoning module Persona (462)
[2021.10.20-21.20.33:709][324]LogModuleManager: Shutting down and abandoning module AdvancedPreviewScene (461)
[2021.10.20-21.20.33:709][324]LogModuleManager: Shutting down and abandoning module AnimGraph (459)
[2021.10.20-21.20.33:709][324]LogModuleManager: Shutting down and abandoning module Kismet (456)
[2021.10.20-21.20.33:709][324]LogModuleManager: Shutting down and abandoning module GraphEditor (454)
[2021.10.20-21.20.33:709][324]LogModuleManager: Shutting down and abandoning module ClassViewer (452)
[2021.10.20-21.20.33:709][324]LogModuleManager: Shutting down and abandoning module Toolbox (450)
[2021.10.20-21.20.33:709][324]LogModuleManager: Shutting down and abandoning module ModuleUI (448)
[2021.10.20-21.20.33:709][324]LogModuleManager: Shutting down and abandoning module MovieSceneTools (446)
[2021.10.20-21.20.33:709][324]LogModuleManager: Shutting down and abandoning module OutputLog (444)
[2021.10.20-21.20.33:709][324]LogModuleManager: Shutting down and abandoning module GammaUI (442)
[2021.10.20-21.20.33:709][324]LogModuleManager: Shutting down and abandoning module Documentation (440)
[2021.10.20-21.20.33:709][324]LogModuleManager: Shutting down and abandoning module LiveCoding (438)
[2021.10.20-21.20.33:709][324]LogModuleManager: Shutting down and abandoning module LevelSequence (436)
[2021.10.20-21.20.33:709][324]LogModuleManager: Shutting down and abandoning module MovieSceneTracks (434)
[2021.10.20-21.20.33:709][324]LogModuleManager: Shutting down and abandoning module MovieScene (432)
[2021.10.20-21.20.33:709][324]LogModuleManager: Shutting down and abandoning module StreamingPauseRendering (430)
[2021.10.20-21.20.33:709][324]LogModuleManager: Shutting down and abandoning module LauncherPlatform (428)
[2021.10.20-21.20.33:709][324]LogModuleManager: Shutting down and abandoning module AnalyticsET (426)
[2021.10.20-21.20.33:709][324]LogModuleManager: Shutting down and abandoning module PortalServices (424)
[2021.10.20-21.20.33:709][324]LogModuleManager: Shutting down and abandoning module PortalRpc (422)
[2021.10.20-21.20.33:709][324]LogModuleManager: Shutting down and abandoning module MessagingRpc (420)
[2021.10.20-21.20.33:709][324]LogModuleManager: Shutting down and abandoning module AIModule (418)
[2021.10.20-21.20.33:711][324]LogModuleManager: Shutting down and abandoning module GameplayDebugger (417)
[2021.10.20-21.20.33:711][324]LogModuleManager: Shutting down and abandoning module AITestSuite (415)
[2021.10.20-21.20.33:711][324]LogModuleManager: Shutting down and abandoning module NavigationSystem (413)
[2021.10.20-21.20.33:711][324]LogModuleManager: Shutting down and abandoning module DesktopPlatform (410)
[2021.10.20-21.20.33:711][324]LogModuleManager: Shutting down and abandoning module ImageWriteQueue (408)
[2021.10.20-21.20.33:713][324]LogModuleManager: Shutting down and abandoning module ProfilerService (406)
[2021.10.20-21.20.33:834][324]LogModuleManager: Shutting down and abandoning module TaskGraph (404)
[2021.10.20-21.20.33:834][324]LogModuleManager: Shutting down and abandoning module SteamVRController (402)
[2021.10.20-21.20.33:834][324]LogModuleManager: Shutting down and abandoning module ProceduralMeshComponentEditor (400)
[2021.10.20-21.20.33:834][324]LogModuleManager: Shutting down and abandoning module ProceduralMeshComponent (398)
[2021.10.20-21.20.33:834][324]LogModuleManager: Shutting down and abandoning module OculusEditor (396)
[2021.10.20-21.20.33:834][324]LogModuleManager: Shutting down and abandoning module OculusInput (394)
[2021.10.20-21.20.33:834][324]LogModuleManager: Shutting down and abandoning module MobilePatchingUtils (392)
[2021.10.20-21.20.33:834][324]LogModuleManager: Shutting down and abandoning module EditableMesh (390)
[2021.10.20-21.20.33:834][324]LogModuleManager: Shutting down and abandoning module CustomMeshComponent (388)
[2021.10.20-21.20.33:834][324]LogModuleManager: Shutting down and abandoning module CableComponent (386)
[2021.10.20-21.20.33:834][324]LogModuleManager: Shutting down and abandoning module AudioCapture (384)
[2021.10.20-21.20.33:834][324]LogModuleManager: Shutting down and abandoning module ArchVisCharacter (382)
[2021.10.20-21.20.33:834][324]LogModuleManager: Shutting down and abandoning module AndroidPermission (380)
[2021.10.20-21.20.33:834][324]LogModuleManager: Shutting down and abandoning module NUTUnrealEngine4 (378)
[2021.10.20-21.20.33:834][324]LogModuleManager: Shutting down and abandoning module NetcodeUnitTest (376)
[2021.10.20-21.20.33:834][324]LogModuleManager: Shutting down and abandoning module MediaCompositing (374)
[2021.10.20-21.20.33:835][324]LogModuleManager: Shutting down and abandoning module LinearTimecode (372)
[2021.10.20-21.20.33:835][324]LogModuleManager: Shutting down and abandoning module ImgMedia (370)
[2021.10.20-21.20.33:835][324]LogModuleManager: Shutting down and abandoning module MagicLeapHelperVulkan (368)
[2021.10.20-21.20.33:835][324]LogModuleManager: Shutting down and abandoning module MagicLeapHelperOpenGL (366)
[2021.10.20-21.20.33:835][324]LogModuleManager: Shutting down and abandoning module MagicLeapAudio (364)
[2021.10.20-21.20.33:835][324]LogModuleManager: Shutting down and abandoning module HTML5Networking (362)
[2021.10.20-21.20.33:835][324]LogModuleManager: Shutting down and abandoning module GeometryCacheTracks (360)
[2021.10.20-21.20.33:835][324]LogModuleManager: Shutting down and abandoning module GeometryCacheSequencer (358)
[2021.10.20-21.20.33:835][324]LogModuleManager: Shutting down and abandoning module BackChannel (356)
[2021.10.20-21.20.33:835][324]LogModuleManager: Shutting down and abandoning module AppleVision (354)
[2021.10.20-21.20.33:835][324]LogModuleManager: Shutting down and abandoning module AppleImageUtilsBlueprintSupport (352)
[2021.10.20-21.20.33:835][324]LogModuleManager: Shutting down and abandoning module AppleImageUtils (350)
[2021.10.20-21.20.33:835][324]LogModuleManager: Shutting down and abandoning module AlembicImporter (348)
[2021.10.20-21.20.33:835][324]LogModuleManager: Shutting down and abandoning module AlembicLibrary (347)
[2021.10.20-21.20.33:835][324]LogModuleManager: Shutting down and abandoning module GeometryCache (346)
[2021.10.20-21.20.33:835][324]LogModuleManager: Shutting down and abandoning module GeometryCacheEd (345)
[2021.10.20-21.20.33:835][324]LogModuleManager: Shutting down and abandoning module VariantManagerContent (340)
[2021.10.20-21.20.33:835][324]LogModuleManager: Shutting down and abandoning module DatasmithContentEditor (338)
[2021.10.20-21.20.33:835][324]LogModuleManager: Shutting down and abandoning module SpeedTreeImporter (336)
[2021.10.20-21.20.33:835][324]LogModuleManager: Shutting down and abandoning module PluginBrowser (334)
[2021.10.20-21.20.33:835][324]LogModuleManager: Shutting down and abandoning module MobileLauncherProfileWizard (332)
[2021.10.20-21.20.33:835][324]LogModuleManager: Shutting down and abandoning module MaterialAnalyzer (330)
[2021.10.20-21.20.33:835][324]LogModuleManager: Shutting down and abandoning module CryptoKeysOpenSSL (328)
[2021.10.20-21.20.33:835][324]LogModuleManager: Shutting down and abandoning module CryptoKeys (326)
[2021.10.20-21.20.33:835][324]LogModuleManager: Shutting down and abandoning module VisualStudioSourceCodeAccess (324)
[2021.10.20-21.20.33:835][324]LogModuleManager: Shutting down and abandoning module VisualStudioCodeSourceCodeAccess (322)
[2021.10.20-21.20.33:835][324]LogModuleManager: Shutting down and abandoning module UObjectPlugin (320)
[2021.10.20-21.20.33:835][324]LogModuleManager: Shutting down and abandoning module SubversionSourceControl (318)
[2021.10.20-21.20.33:835][324]LogModuleManager: Shutting down and abandoning module PerforceSourceControl (316)
[2021.10.20-21.20.33:835][324]LogModuleManager: Shutting down and abandoning module GitSourceControl (314)
[2021.10.20-21.20.33:835][324]LogModuleManager: Shutting down and abandoning module SourceControl (313)
[2021.10.20-21.20.33:835][324]LogModuleManager: Shutting down and abandoning module CLionSourceCodeAccess (310)
[2021.10.20-21.20.33:835][324]LogModuleManager: Shutting down and abandoning module AnimationSharingEd (308)
[2021.10.20-21.20.33:835][324]LogModuleManager: Shutting down and abandoning module ActorLayerUtilitiesEditor (306)
[2021.10.20-21.20.33:835][324]LogModuleManager: Shutting down and abandoning module ActorLayerUtilities (304)
[2021.10.20-21.20.33:835][324]LogModuleManager: Shutting down and abandoning module LightPropagationVolumeEditor (302)
[2021.10.20-21.20.33:835][324]LogModuleManager: Shutting down and abandoning module PaperTiledImporter (300)
[2021.10.20-21.20.33:835][324]LogModuleManager: Shutting down and abandoning module PaperSpriteSheetImporter (298)
[2021.10.20-21.20.33:835][324]LogModuleManager: Shutting down and abandoning module Paper2DEditor (296)
[2021.10.20-21.20.33:835][324]LogModuleManager: Shutting down and abandoning module SignificanceManager (294)
[2021.10.20-21.20.33:835][324]LogModuleManager: Shutting down and abandoning module RuntimePhysXCooking (292)
[2021.10.20-21.20.33:835][324]LogModuleManager: Shutting down and abandoning module PhysXVehiclesEditor (290)
[2021.10.20-21.20.33:835][324]LogModuleManager: Shutting down and abandoning module PhysXVehicles (288)
[2021.10.20-21.20.33:835][324]LogModuleManager: Shutting down and abandoning module LocationServicesBPLibrary (286)
[2021.10.20-21.20.33:835][324]LogModuleManager: Shutting down and abandoning module ActorSequence (284)
[2021.10.20-21.20.33:835][324]LogModuleManager: Shutting down and abandoning module UdpMessaging (282)
[2021.10.20-21.20.33:937][324]LogModuleManager: Shutting down and abandoning module TcpMessaging (280)
[2021.10.20-21.20.34:037][324]LogModuleManager: Shutting down and abandoning module MagicLeapIdentity (278)
[2021.10.20-21.20.34:037][324]LogModuleManager: Shutting down and abandoning module MagicLeapSecureStorage (276)
[2021.10.20-21.20.34:037][324]LogModuleManager: Shutting down and abandoning module MagicLeapHandTracking (274)
[2021.10.20-21.20.34:037][324]LogModuleManager: Shutting down and abandoning module MagicLeapEyeTracker (272)
[2021.10.20-21.20.34:037][324]LogModuleManager: Shutting down and abandoning module MagicLeapController (270)
[2021.10.20-21.20.34:037][324]LogSlate: Slate User Destroyed.  User Index 0, Is Virtual User: 0
[2021.10.20-21.20.34:037][324]LogModuleManager: Shutting down and abandoning module MagicLeapAR (268)
[2021.10.20-21.20.34:037][324]LogModuleManager: Shutting down and abandoning module AugmentedReality (267)
[2021.10.20-21.20.34:037][324]LogModuleManager: Shutting down and abandoning module GameplayTagsEditor (264)
[2021.10.20-21.20.34:037][324]LogModuleManager: Shutting down and abandoning module FacialAnimationEditor (262)
[2021.10.20-21.20.34:037][324]LogModuleManager: Shutting down and abandoning module FacialAnimation (260)
[2021.10.20-21.20.34:037][324]LogModuleManager: Shutting down and abandoning module DataValidation (258)
[2021.10.20-21.20.34:037][324]LogModuleManager: Shutting down and abandoning module AssetManagerEditor (256)
[2021.10.20-21.20.34:037][324]LogModuleManager: Shutting down and abandoning module LevelEditor (255)
[2021.10.20-21.20.34:038][324]LogModuleManager: Shutting down and abandoning module PixelInspectorModule (254)
[2021.10.20-21.20.34:038][324]LogModuleManager: Shutting down and abandoning module CommonMenuExtensions (252)
[2021.10.20-21.20.34:038][324]LogModuleManager: Shutting down and abandoning module MainFrame (250)
[2021.10.20-21.20.34:038][324]LogModuleManager: Shutting down and abandoning module HotReload (249)
[2021.10.20-21.20.34:038][324]LogModuleManager: Shutting down and abandoning module ContentBrowser (245)
[2021.10.20-21.20.34:039][324]LogModuleManager: Shutting down and abandoning module TreeMap (243)
[2021.10.20-21.20.34:039][324]LogModuleManager: Shutting down and abandoning module AnimationSharing (240)
[2021.10.20-21.20.34:039][324]LogModuleManager: Shutting down and abandoning module LightPropagationVolumeRuntime (238)
[2021.10.20-21.20.34:039][324]LogModuleManager: Shutting down and abandoning module AISupportModule (236)
[2021.10.20-21.20.34:039][324]LogModuleManager: Shutting down and abandoning module Paper2D (234)
[2021.10.20-21.20.34:039][324]LogModuleManager: Shutting down and abandoning module WindowsMoviePlayer (232)
[2021.10.20-21.20.34:039][324]LogModuleManager: Shutting down and abandoning module WebMMoviePlayer (230)
[2021.10.20-21.20.34:039][324]LogModuleManager: Shutting down and abandoning module PacketHandler (228)
[2021.10.20-21.20.34:039][324]LogModuleManager: Shutting down and abandoning module ClothingSystemEditor (226)
[2021.10.20-21.20.34:039][324]LogModuleManager: Shutting down and abandoning module ClothingSystemRuntime (224)
[2021.10.20-21.20.34:039][324]LogModuleManager: Shutting down and abandoning module MediaAssets (222)
[2021.10.20-21.20.34:039][324]LogModuleManager: Shutting down and abandoning module Overlay (220)
[2021.10.20-21.20.34:039][324]LogModuleManager: Shutting down and abandoning module OverlayEditor (219)
[2021.10.20-21.20.34:039][324]LogModuleManager: Shutting down and abandoning module VREditor (216)
[2021.10.20-21.20.34:039][324]LogModuleManager: Shutting down and abandoning module StringTableEditor (214)
[2021.10.20-21.20.34:039][324]LogModuleManager: Shutting down and abandoning module GameplayTasksEditor (212)
[2021.10.20-21.20.34:039][324]LogModuleManager: Shutting down and abandoning module BehaviorTreeEditor (210)
[2021.10.20-21.20.34:039][324]LogModuleManager: Shutting down and abandoning module FunctionalTesting (208)
[2021.10.20-21.20.34:039][324]LogModuleManager: Shutting down and abandoning module CollisionAnalyzer (206)
[2021.10.20-21.20.34:040][324]LogModuleManager: Shutting down and abandoning module WorkspaceMenuStructure (205)
[2021.10.20-21.20.34:040][324]LogModuleManager: Shutting down and abandoning module UMG (202)
[2021.10.20-21.20.34:040][324]LogModuleManager: Shutting down and abandoning module UMGEditor (201)
[2021.10.20-21.20.34:040][324]LogModuleManager: Shutting down and abandoning module Sequencer (200)
[2021.10.20-21.20.34:040][324]LogModuleManager: Shutting down and abandoning module MessageLog (197)
[2021.10.20-21.20.34:040][324]LogModuleManager: Shutting down and abandoning module SlateReflector (192)
[2021.10.20-21.20.34:040][324]LogModuleManager: Shutting down and abandoning module Slate (190)
[2021.10.20-21.20.34:040][324]LogModuleManager: Shutting down and abandoning module EditorStyle (188)
[2021.10.20-21.20.34:041][324]LogModuleManager: Shutting down and abandoning module UnrealEd (186)
[2021.10.20-21.20.34:041][324]LogModuleManager: Shutting down and abandoning module MRMesh (184)
[2021.10.20-21.20.34:041][324]LogModuleManager: Shutting down and abandoning module SourceCodeAccess (182)
[2021.10.20-21.20.34:041][324]LogModuleManager: Shutting down and abandoning module HeadMountedDisplay (180)
[2021.10.20-21.20.34:041][324]LogModuleManager: Shutting down and abandoning module XAudio2 (178)
[2021.10.20-21.20.34:041][324]LogModuleManager: Shutting down and abandoning module Networking (176)
[2021.10.20-21.20.34:041][324]LogModuleManager: Shutting down and abandoning module Core (174)
[2021.10.20-21.20.34:041][324]LogModuleManager: Shutting down and abandoning module KismetCompiler (172)
[2021.10.20-21.20.34:041][324]LogModuleManager: Shutting down and abandoning module MeshUtilities (170)
[2021.10.20-21.20.34:041][324]LogModuleManager: Shutting down and abandoning module MeshMergeUtilities (169)
[2021.10.20-21.20.34:041][324]LogModuleManager: Shutting down and abandoning module MeshReductionInterface (168)
[2021.10.20-21.20.34:041][324]LogModuleManager: Shutting down and abandoning module SkeletalMeshReduction (167)
[2021.10.20-21.20.34:041][324]LogModuleManager: Shutting down and abandoning module ProxyLODMeshReduction (165)
[2021.10.20-21.20.34:041][324]LogModuleManager: Shutting down and abandoning module QuadricMeshReduction (163)
[2021.10.20-21.20.34:041][324]LogModuleManager: Shutting down and abandoning module MaterialBaking (159)
[2021.10.20-21.20.34:041][324]LogModuleManager: Shutting down and abandoning module DerivedDataCache (154)
[2021.10.20-21.20.34:406][324]LogDerivedDataCache: Shutdown
[2021.10.20-21.20.34:406][324]LogModuleManager: Shutting down and abandoning module XGEController (152)
[2021.10.20-21.20.34:406][324]LogModuleManager: Shutting down and abandoning module TargetPlatform (150)
[2021.10.20-21.20.34:406][324]LogModuleManager: Shutting down and abandoning module VulkanShaderFormat (149)
[2021.10.20-21.20.34:406][324]LogModuleManager: Shutting down and abandoning module ShaderFormatVectorVM (147)
[2021.10.20-21.20.34:406][324]LogModuleManager: Shutting down and abandoning module ShaderFormatOpenGL (145)
[2021.10.20-21.20.34:406][324]LogModuleManager: Shutting down and abandoning module ShaderFormatD3D (143)
[2021.10.20-21.20.34:407][324]LogModuleManager: Shutting down and abandoning module MetalShaderFormat (141)
[2021.10.20-21.20.34:407][324]LogModuleManager: Shutting down and abandoning module TextureFormatUncompressed (139)
[2021.10.20-21.20.34:407][324]LogModuleManager: Shutting down and abandoning module TextureFormatPVR (137)
[2021.10.20-21.20.34:407][324]LogModuleManager: Shutting down and abandoning module TextureFormatDXT (135)
[2021.10.20-21.20.34:407][324]LogModuleManager: Shutting down and abandoning module TextureFormatIntelISPCTexComp (133)
[2021.10.20-21.20.34:407][324]LogModuleManager: Shutting down and abandoning module TextureFormatASTC (131)
[2021.10.20-21.20.34:407][324]LogModuleManager: Shutting down and abandoning module ImageWrapper (130)
[2021.10.20-21.20.34:407][324]LogModuleManager: Shutting down and abandoning module TextureFormatAndroid (127)
[2021.10.20-21.20.34:407][324]LogModuleManager: Shutting down and abandoning module AudioFormatOpus (125)
[2021.10.20-21.20.34:407][324]LogModuleManager: Shutting down and abandoning module AudioFormatOgg (123)
[2021.10.20-21.20.34:407][324]LogModuleManager: Shutting down and abandoning module AudioFormatADPCM (121)
[2021.10.20-21.20.34:407][324]LogModuleManager: Shutting down and abandoning module LuminTargetPlatform (119)
[2021.10.20-21.20.34:407][324]LogModuleManager: Shutting down and abandoning module LinuxTargetPlatform (117)
[2021.10.20-21.20.34:407][324]LogModuleManager: Shutting down and abandoning module LinuxServerTargetPlatform (115)
[2021.10.20-21.20.34:407][324]LogModuleManager: Shutting down and abandoning module LinuxNoEditorTargetPlatform (113)
[2021.10.20-21.20.34:407][324]LogModuleManager: Shutting down and abandoning module LinuxClientTargetPlatform (111)
[2021.10.20-21.20.34:407][324]LogModuleManager: Shutting down and abandoning module TVOSTargetPlatform (109)
[2021.10.20-21.20.34:408][324]LogModuleManager: Shutting down and abandoning module Messaging (107)
[2021.10.20-21.20.34:408][324]LogModuleManager: Shutting down and abandoning module IOSTargetPlatform (105)
[2021.10.20-21.20.34:409][324]LogModuleManager: Shutting down and abandoning module HTML5TargetPlatform (103)
[2021.10.20-21.20.34:409][324]LogModuleManager: Shutting down and abandoning module AndroidTargetPlatform (101)
[2021.10.20-21.20.34:414][324]LogModuleManager: Shutting down and abandoning module WindowsTargetPlatform (99)
[2021.10.20-21.20.34:414][324]LogModuleManager: Shutting down and abandoning module WindowsServerTargetPlatform (97)
[2021.10.20-21.20.34:414][324]LogModuleManager: Shutting down and abandoning module WindowsNoEditorTargetPlatform (95)
[2021.10.20-21.20.34:414][324]LogModuleManager: Shutting down and abandoning module WindowsClientTargetPlatform (93)
[2021.10.20-21.20.34:414][324]LogModuleManager: Shutting down and abandoning module MacTargetPlatform (91)
[2021.10.20-21.20.34:414][324]LogModuleManager: Shutting down and abandoning module MacServerTargetPlatform (89)
[2021.10.20-21.20.34:414][324]LogModuleManager: Shutting down and abandoning module MacNoEditorTargetPlatform (87)
[2021.10.20-21.20.34:414][324]LogModuleManager: Shutting down and abandoning module MacClientTargetPlatform (85)
[2021.10.20-21.20.34:414][324]LogModuleManager: Shutting down and abandoning module AllDesktopTargetPlatform (83)
[2021.10.20-21.20.34:414][324]LogModuleManager: Shutting down and abandoning module InputCore (80)
[2021.10.20-21.20.34:414][324]LogModuleManager: Shutting down and abandoning module Settings (78)
[2021.10.20-21.20.34:414][324]LogModuleManager: Shutting down and abandoning module DirectoryWatcher (76)
[2021.10.20-21.20.34:414][324]LogModuleManager: Shutting down and abandoning module PhysXCooking (74)
[2021.10.20-21.20.34:414][324]LogModuleManager: Shutting down and abandoning module SteamVR (72)
[2021.10.20-21.20.34:414][324]LogHMD: Freeing OpenVRDLLHandle.
[2021.10.20-21.20.34:414][324]LogModuleManager: Shutting down and abandoning module OculusHMD (70)
[2021.10.20-21.20.34:414][324]LogModuleManager: Shutting down and abandoning module ExampleDeviceProfileSelector (68)
[2021.10.20-21.20.34:414][324]LogModuleManager: Shutting down and abandoning module LauncherChunkInstaller (66)
[2021.10.20-21.20.34:414][324]LogModuleManager: Shutting down and abandoning module OnlineBlueprintSupport (64)
[2021.10.20-21.20.34:414][324]LogModuleManager: Shutting down and abandoning module OnlineSubsystem (60)
[2021.10.20-21.20.34:415][324]LogModuleManager: Shutting down and abandoning module XMPP (55)
[2021.10.20-21.20.34:415][324]LogModuleManager: Shutting down and abandoning module WebSockets (54)
[2021.10.20-21.20.34:443][324]LogModuleManager: Shutting down and abandoning module HTTP (51)
[2021.10.20-21.20.34:443][324]LogHttp: Display: Http module shutting down, but needs to wait on 1 outstanding Http requests:
[2021.10.20-21.20.34:443][324]LogHttp: Display: 	verb=[POST] url=[https://datarouter.ol.epicgames.com/datarouter/api/v1/public/data?SessionID=%7B92FDB61B-41D5-FA1A-EA03-18B953F3CEA8%7D&AppID=UEEditor.Rocket.Release&AppVersion=4.22.2-6574378%2B%2B%2BUE4%2BRelease-4.22&UserID=5a346116439bf25fab5ed9a1937e7eba%7C7cebf0aec065484d92867ae1fd1cbb09%7C0cbfaef3-ae89-42bd-b019-9a11dc2bb8be&AppEnvironment=datacollector-binary&UploadType=eteventstream] status=Processing
[2021.10.20-21.20.34:476][324]LogModuleManager: Shutting down and abandoning module SSL (50)
[2021.10.20-21.20.34:477][324]LogModuleManager: Shutting down and abandoning module WmfMedia (46)
[2021.10.20-21.20.34:478][324]LogModuleManager: Shutting down and abandoning module Media (45)
[2021.10.20-21.20.34:486][324]LogModuleManager: Shutting down and abandoning module MagicLeap (42)
[2021.10.20-21.20.34:486][324]LogModuleManager: Shutting down and abandoning module DatasmithContent (40)
[2021.10.20-21.20.34:486][324]LogModuleManager: Shutting down and abandoning module AnimationModifiers (38)
[2021.10.20-21.20.34:486][324]LogModuleManager: Shutting down and abandoning module PropertyEditor (37)
[2021.10.20-21.20.34:486][324]LogModuleManager: Shutting down and abandoning module AudioEditor (34)
[2021.10.20-21.20.34:486][324]LogModuleManager: Shutting down and abandoning module TextureCompressor (32)
[2021.10.20-21.20.34:486][324]LogModuleManager: Shutting down and abandoning module RenderCore (30)
[2021.10.20-21.20.34:486][324]LogModuleManager: Shutting down and abandoning module Landscape (28)
[2021.10.20-21.20.34:486][324]LogModuleManager: Shutting down and abandoning module SlateRHIRenderer (26)
[2021.10.20-21.20.34:486][324]LogModuleManager: Shutting down and abandoning module OpenGLDrv (24)
[2021.10.20-21.20.34:486][324]LogModuleManager: Shutting down and abandoning module D3D11RHI (22)
[2021.10.20-21.20.34:486][324]LogModuleManager: Shutting down and abandoning module AnimGraphRuntime (20)
[2021.10.20-21.20.34:486][324]LogModuleManager: Shutting down and abandoning module Renderer (18)
[2021.10.20-21.20.34:486][324]LogModuleManager: Shutting down and abandoning module Engine (16)
[2021.10.20-21.20.34:486][324]LogModuleManager: Shutting down and abandoning module CoreUObject (14)
[2021.10.20-21.20.34:486][324]LogModuleManager: Shutting down and abandoning module NetworkFile (12)
[2021.10.20-21.20.34:486][324]LogModuleManager: Shutting down and abandoning module CookedIterativeFile (10)
[2021.10.20-21.20.34:487][324]LogModuleManager: Shutting down and abandoning module StreamingFile (8)
[2021.10.20-21.20.34:487][324]LogModuleManager: Shutting down and abandoning module SandboxFile (6)
[2021.10.20-21.20.34:487][324]LogModuleManager: Shutting down and abandoning module PakFile (4)
[2021.10.20-21.20.34:487][324]LogModuleManager: Shutting down and abandoning module RSA (3)
[2021.10.20-21.20.34:498][324]LogExit: Exiting.
[2021.10.20-21.20.34:506][324]Log file closed, 10/20/21 23:20:34
